#
# There is insufficient memory for the Java Runtime Environment to continue.
# Native memory allocation (malloc) failed to allocate 1645408 bytes for Chunk::new
# Possible reasons:
#   The system is out of physical RAM or swap space
#   The process is running with CompressedOops enabled, and the Java Heap may be blocking the growth of the native heap
# Possible solutions:
#   Reduce memory load on the system
#   Increase physical memory or swap space
#   Check if swap backing store is full
#   Decrease Java heap size (-Xmx/-Xms)
#   Decrease number of Java threads
#   Decrease Java thread stack sizes (-Xss)
#   Set larger code cache with -XX:ReservedCodeCacheSize=
#   JVM is running with Unscaled Compressed Oops mode in which the Java heap is
#     placed in the first 4GB address space. The Java Heap base address is the
#     maximum limit for the native heap growth. Please use -XX:HeapBaseMinAddress
#     to set the Java Heap base and to place the Java Heap above 4GB virtual address.
# This output file may be truncated or incomplete.
#
#  Out of Memory Error (allocation.cpp:389), pid=12148, tid=0x0000000000003354
#
# JRE version: Java(TM) SE Runtime Environment (8.0_221-b11) (build 1.8.0_221-b11)
# Java VM: Java HotSpot(TM) 64-Bit Server VM (25.221-b11 mixed mode windows-amd64 compressed oops)
# Failed to write core dump. Minidumps are not enabled by default on client versions of Windows
#

---------------  T H R E A D  ---------------

Current thread (0x0000000018d67000):  JavaThread "C2 CompilerThread0" daemon [_thread_in_native, id=13140, stack(0x000000001a3d0000,0x000000001a4d0000)]

Stack: [0x000000001a3d0000,0x000000001a4d0000]
[error occurred during error reporting (printing stack bounds), id 0xc0000005]

Native frames: (J=compiled Java code, j=interpreted, Vv=VM code, C=native code)


Current CompileTask:
C2: 177828 7662   !   4       java.net.URLClassLoader$1::run (63 bytes)


---------------  P R O C E S S  ---------------

Java Threads: ( => current thread )
  0x000000001d537800 JavaThread "Thread-7" daemon [_thread_in_native, id=13616, stack(0x0000000026320000,0x0000000026420000)]
  0x000000001ac19800 JavaThread "DestroyJavaVM" [_thread_blocked, id=11656, stack(0x00000000022a0000,0x00000000023a0000)]
  0x000000001ac18800 JavaThread "http-nio-8034-Acceptor" daemon [_thread_in_native, id=252, stack(0x0000000025e20000,0x0000000025f20000)]
  0x000000001ac16800 JavaThread "http-nio-8034-ClientPoller" daemon [_thread_in_native, id=11024, stack(0x0000000025d20000,0x0000000025e20000)]
  0x000000001ac14000 JavaThread "http-nio-8034-exec-10" daemon [_thread_blocked, id=13180, stack(0x0000000025c20000,0x0000000025d20000)]
  0x000000001ac15000 JavaThread "http-nio-8034-exec-9" daemon [_thread_blocked, id=9788, stack(0x0000000025b20000,0x0000000025c20000)]
  0x000000001ac18000 JavaThread "http-nio-8034-exec-8" daemon [_thread_blocked, id=8376, stack(0x0000000025a20000,0x0000000025b20000)]
  0x000000001ac17000 JavaThread "http-nio-8034-exec-7" daemon [_thread_blocked, id=13016, stack(0x0000000025920000,0x0000000025a20000)]
  0x000000001ac13800 JavaThread "http-nio-8034-exec-6" daemon [_thread_blocked, id=8940, stack(0x0000000025820000,0x0000000025920000)]
  0x000000001ac12800 JavaThread "http-nio-8034-exec-5" daemon [_thread_blocked, id=11048, stack(0x0000000025720000,0x0000000025820000)]
  0x000000001ac15800 JavaThread "http-nio-8034-exec-4" daemon [_thread_blocked, id=13224, stack(0x0000000025620000,0x0000000025720000)]
  0x000000001f149000 JavaThread "http-nio-8034-exec-3" daemon [_thread_blocked, id=14292, stack(0x0000000025520000,0x0000000025620000)]
  0x00000000204c4800 JavaThread "http-nio-8034-exec-2" daemon [_thread_blocked, id=13200, stack(0x0000000025420000,0x0000000025520000)]
  0x00000000205cf000 JavaThread "http-nio-8034-exec-1" daemon [_thread_blocked, id=13128, stack(0x0000000025320000,0x0000000025420000)]
  0x000000001e568800 JavaThread "http-nio-8034-BlockPoller" daemon [_thread_in_native, id=14204, stack(0x0000000023960000,0x0000000023a60000)]
  0x000000001ee78800 JavaThread "HikariPool-1 housekeeper" daemon [_thread_blocked, id=9736, stack(0x0000000022960000,0x0000000022a60000)]
  0x000000001e81e800 JavaThread "oracle.jdbc.driver.BlockSource.ThreadedCachingBlockSource.BlockReleaser" daemon [_thread_blocked, id=11608, stack(0x00000000220b0000,0x00000000221b0000)]
  0x000000001e56a800 JavaThread "container-0" [_thread_blocked, id=11532, stack(0x0000000021bb0000,0x0000000021cb0000)]
  0x000000001e569800 JavaThread "Catalina-utility-2" [_thread_blocked, id=13792, stack(0x0000000021ab0000,0x0000000021bb0000)]
  0x000000001d65c000 JavaThread "Catalina-utility-1" [_thread_blocked, id=11792, stack(0x000000001f3f0000,0x000000001f4f0000)]
  0x0000000018e03800 JavaThread "Service Thread" daemon [_thread_blocked, id=14236, stack(0x000000001a7d0000,0x000000001a8d0000)]
  0x0000000018d72000 JavaThread "C1 CompilerThread3" daemon [_thread_blocked, id=10640, stack(0x000000001a6d0000,0x000000001a7d0000)]
  0x0000000018d71800 JavaThread "C2 CompilerThread2" daemon [_thread_blocked, id=12900, stack(0x000000001a5d0000,0x000000001a6d0000)]
  0x0000000018d6c800 JavaThread "C2 CompilerThread1" daemon [_thread_in_native, id=13116, stack(0x000000001a4d0000,0x000000001a5d0000)]
=>0x0000000018d67000 JavaThread "C2 CompilerThread0" daemon [_thread_in_native, id=13140, stack(0x000000001a3d0000,0x000000001a4d0000)]
  0x0000000018d65000 JavaThread "Attach Listener" daemon [_thread_blocked, id=13896, stack(0x000000001a2d0000,0x000000001a3d0000)]
  0x0000000018d64000 JavaThread "Signal Dispatcher" daemon [_thread_blocked, id=6352, stack(0x000000001a1d0000,0x000000001a2d0000)]
  0x0000000017683000 JavaThread "Finalizer" daemon [_thread_blocked, id=14252, stack(0x0000000019fb0000,0x000000001a0b0000)]
  0x0000000018d53000 JavaThread "Reference Handler" daemon [_thread_blocked, id=6720, stack(0x0000000019eb0000,0x0000000019fb0000)]

Other Threads:
  0x000000000249b800 VMThread [stack: 0x0000000019db0000,0x0000000019eb0000] [id=3244]
  0x0000000018e31000 WatcherThread [stack: 0x000000001aa30000,0x000000001ab30000] [id=9340]

VM state:not at safepoint (normal execution)

VM Mutex/Monitor currently owned by a thread: None

heap address: 0x0000000081000000, size: 2032 MB, Compressed Oops mode: 32-bit
Narrow klass base: 0x0000000000000000, Narrow klass shift: 3
Compressed class space size: 1073741824 Address: 0x0000000100000000

Heap:
 PSYoungGen      total 194048K, used 171242K [0x00000000d5b00000, 0x00000000e4180000, 0x0000000100000000)
  eden space 176640K, 96% used [0x00000000d5b00000,0x00000000e023aa18,0x00000000e0780000)
  from space 17408K, 0% used [0x00000000e1800000,0x00000000e1800000,0x00000000e2900000)
  to   space 16896K, 0% used [0x00000000e0780000,0x00000000e0780000,0x00000000e1800000)
 ParOldGen       total 119296K, used 22849K [0x0000000081000000, 0x0000000088480000, 0x00000000d5b00000)
  object space 119296K, 19% used [0x0000000081000000,0x0000000082650500,0x0000000088480000)
 Metaspace       used 69798K, capacity 72622K, committed 72880K, reserved 1112064K
  class space    used 9417K, capacity 9883K, committed 9904K, reserved 1048576K

Card table byte_map: [0x0000000011860000,0x0000000011c60000] byte_map_base: 0x0000000011458000

Marking Bits: (ParMarkBitMap*) 0x000000006f4f5ce0
 Begin Bits: [0x0000000012910000, 0x00000000148d0000)
 End Bits:   [0x00000000148d0000, 0x0000000016890000)

Polling page: 0x00000000006e0000

CodeCache: size=245760Kb used=21100Kb max_used=21424Kb free=224659Kb
 bounds [0x00000000024a0000, 0x00000000039c0000, 0x00000000114a0000]
 total_blobs=7187 nmethods=6582 adapters=516
 compilation: enabled

Compilation events (10 events):
Event: 177.622 Thread 0x0000000018d6c800 7661       4       java.net.URLClassLoader$1::run (5 bytes)
Event: 177.660 Thread 0x0000000018d71800 nmethod 7655 0x000000000361f2d0 code [0x000000000361f700, 0x00000000036238b8]
Event: 177.663 Thread 0x0000000018d71800 7666       4       java.lang.Class$MethodArray::removeLessSpecifics (111 bytes)
Event: 177.666 Thread 0x0000000018d72000 7669       3       sun.misc.ProxyGenerator::generateStaticInitializer (457 bytes)
Event: 177.667 Thread 0x0000000018d71800 nmethod 7666 0x0000000002740fd0 code [0x0000000002741140, 0x00000000027415a8]
Event: 177.667 Thread 0x0000000018d71800 7667       4       java.lang.Class$MethodArray::addIfNotPresent (47 bytes)
Event: 177.672 Thread 0x0000000018d71800 nmethod 7667 0x0000000003203b90 code [0x0000000003203ce0, 0x0000000003204118]
Event: 177.672 Thread 0x0000000018d71800 7668       4       sun.misc.ProxyGenerator::codeLocalLoadStore (90 bytes)
Event: 177.673 Thread 0x0000000018d72000 nmethod 7669 0x00000000039a9f10 code [0x00000000039aaa60, 0x00000000039b29e8]
Event: 177.673 Thread 0x0000000018d71800 nmethod 7668 0x00000000039a4550 code [0x00000000039a46c0, 0x00000000039a47e8]

GC Heap History (10 events):
Event: 2.154 GC heap before
{Heap before GC invocations=9 (full 2):
 PSYoungGen      total 115200K, used 11255K [0x00000000d5b00000, 0x00000000e1180000, 0x0000000100000000)
  eden space 103936K, 0% used [0x00000000d5b00000,0x00000000d5b00000,0x00000000dc080000)
  from space 11264K, 99% used [0x00000000dc080000,0x00000000dcb7dc90,0x00000000dcb80000)
  to   space 13312K, 0% used [0x00000000e0480000,0x00000000e0480000,0x00000000e1180000)
 ParOldGen       total 55808K, used 8117K [0x0000000081000000, 0x0000000084680000, 0x00000000d5b00000)
  object space 55808K, 14% used [0x0000000081000000,0x00000000817ed730,0x0000000084680000)
 Metaspace       used 33827K, capacity 35388K, committed 35496K, reserved 1081344K
  class space    used 4348K, capacity 4648K, committed 4656K, reserved 1048576K
Event: 2.203 GC heap after
Heap after GC invocations=9 (full 2):
 PSYoungGen      total 115200K, used 0K [0x00000000d5b00000, 0x00000000e1180000, 0x0000000100000000)
  eden space 103936K, 0% used [0x00000000d5b00000,0x00000000d5b00000,0x00000000dc080000)
  from space 11264K, 0% used [0x00000000dc080000,0x00000000dc080000,0x00000000dcb80000)
  to   space 13312K, 0% used [0x00000000e0480000,0x00000000e0480000,0x00000000e1180000)
 ParOldGen       total 91136K, used 16432K [0x0000000081000000, 0x0000000086900000, 0x00000000d5b00000)
  object space 91136K, 18% used [0x0000000081000000,0x000000008200c338,0x0000000086900000)
 Metaspace       used 33827K, capacity 35388K, committed 35496K, reserved 1081344K
  class space    used 4348K, capacity 4648K, committed 4656K, reserved 1048576K
}
Event: 5.172 GC heap before
{Heap before GC invocations=10 (full 2):
 PSYoungGen      total 115200K, used 103936K [0x00000000d5b00000, 0x00000000e1180000, 0x0000000100000000)
  eden space 103936K, 100% used [0x00000000d5b00000,0x00000000dc080000,0x00000000dc080000)
  from space 11264K, 0% used [0x00000000dc080000,0x00000000dc080000,0x00000000dcb80000)
  to   space 13312K, 0% used [0x00000000e0480000,0x00000000e0480000,0x00000000e1180000)
 ParOldGen       total 91136K, used 16432K [0x0000000081000000, 0x0000000086900000, 0x00000000d5b00000)
  object space 91136K, 18% used [0x0000000081000000,0x000000008200c338,0x0000000086900000)
 Metaspace       used 47022K, capacity 48668K, committed 49200K, reserved 1091584K
  class space    used 6276K, capacity 6580K, committed 6704K, reserved 1048576K
Event: 5.183 GC heap after
Heap after GC invocations=10 (full 2):
 PSYoungGen      total 158720K, used 13110K [0x00000000d5b00000, 0x00000000e1180000, 0x0000000100000000)
  eden space 145408K, 0% used [0x00000000d5b00000,0x00000000d5b00000,0x00000000de900000)
  from space 13312K, 98% used [0x00000000e0480000,0x00000000e114d888,0x00000000e1180000)
  to   space 14848K, 0% used [0x00000000df480000,0x00000000df480000,0x00000000e0300000)
 ParOldGen       total 91136K, used 16440K [0x0000000081000000, 0x0000000086900000, 0x00000000d5b00000)
  object space 91136K, 18% used [0x0000000081000000,0x000000008200e338,0x0000000086900000)
 Metaspace       used 47022K, capacity 48668K, committed 49200K, reserved 1091584K
  class space    used 6276K, capacity 6580K, committed 6704K, reserved 1048576K
}
Event: 7.480 GC heap before
{Heap before GC invocations=11 (full 2):
 PSYoungGen      total 158720K, used 158518K [0x00000000d5b00000, 0x00000000e1180000, 0x0000000100000000)
  eden space 145408K, 100% used [0x00000000d5b00000,0x00000000de900000,0x00000000de900000)
  from space 13312K, 98% used [0x00000000e0480000,0x00000000e114d888,0x00000000e1180000)
  to   space 14848K, 0% used [0x00000000df480000,0x00000000df480000,0x00000000e0300000)
 ParOldGen       total 91136K, used 16440K [0x0000000081000000, 0x0000000086900000, 0x00000000d5b00000)
  object space 91136K, 18% used [0x0000000081000000,0x000000008200e338,0x0000000086900000)
 Metaspace       used 56146K, capacity 58040K, committed 58416K, reserved 1099776K
  class space    used 7599K, capacity 7936K, committed 7984K, reserved 1048576K
Event: 7.491 GC heap after
Heap after GC invocations=11 (full 2):
 PSYoungGen      total 172032K, used 14829K [0x00000000d5b00000, 0x00000000e2900000, 0x0000000100000000)
  eden space 157184K, 0% used [0x00000000d5b00000,0x00000000d5b00000,0x00000000df480000)
  from space 14848K, 99% used [0x00000000df480000,0x00000000e02fb6e0,0x00000000e0300000)
  to   space 17408K, 0% used [0x00000000e1800000,0x00000000e1800000,0x00000000e2900000)
 ParOldGen       total 91136K, used 17082K [0x0000000081000000, 0x0000000086900000, 0x00000000d5b00000)
  object space 91136K, 18% used [0x0000000081000000,0x00000000820ae9a0,0x0000000086900000)
 Metaspace       used 56146K, capacity 58040K, committed 58416K, reserved 1099776K
  class space    used 7599K, capacity 7936K, committed 7984K, reserved 1048576K
}
Event: 7.601 GC heap before
{Heap before GC invocations=12 (full 2):
 PSYoungGen      total 172032K, used 34156K [0x00000000d5b00000, 0x00000000e2900000, 0x0000000100000000)
  eden space 157184K, 12% used [0x00000000d5b00000,0x00000000d6ddf9b8,0x00000000df480000)
  from space 14848K, 99% used [0x00000000df480000,0x00000000e02fb6e0,0x00000000e0300000)
  to   space 17408K, 0% used [0x00000000e1800000,0x00000000e1800000,0x00000000e2900000)
 ParOldGen       total 91136K, used 17082K [0x0000000081000000, 0x0000000086900000, 0x00000000d5b00000)
  object space 91136K, 18% used [0x0000000081000000,0x00000000820ae9a0,0x0000000086900000)
 Metaspace       used 57117K, capacity 59004K, committed 59160K, reserved 1099776K
  class space    used 7709K, capacity 8080K, committed 8112K, reserved 1048576K
Event: 7.608 GC heap after
Heap after GC invocations=12 (full 2):
 PSYoungGen      total 194048K, used 10059K [0x00000000d5b00000, 0x00000000e4180000, 0x0000000100000000)
  eden space 176640K, 0% used [0x00000000d5b00000,0x00000000d5b00000,0x00000000e0780000)
  from space 17408K, 57% used [0x00000000e1800000,0x00000000e21d2cc8,0x00000000e2900000)
  to   space 16896K, 0% used [0x00000000e0780000,0x00000000e0780000,0x00000000e1800000)
 ParOldGen       total 91136K, used 17090K [0x0000000081000000, 0x0000000086900000, 0x00000000d5b00000)
  object space 91136K, 18% used [0x0000000081000000,0x00000000820b09a0,0x0000000086900000)
 Metaspace       used 57117K, capacity 59004K, committed 59160K, reserved 1099776K
  class space    used 7709K, capacity 8080K, committed 8112K, reserved 1048576K
}
Event: 7.608 GC heap before
{Heap before GC invocations=13 (full 3):
 PSYoungGen      total 194048K, used 10059K [0x00000000d5b00000, 0x00000000e4180000, 0x0000000100000000)
  eden space 176640K, 0% used [0x00000000d5b00000,0x00000000d5b00000,0x00000000e0780000)
  from space 17408K, 57% used [0x00000000e1800000,0x00000000e21d2cc8,0x00000000e2900000)
  to   space 16896K, 0% used [0x00000000e0780000,0x00000000e0780000,0x00000000e1800000)
 ParOldGen       total 91136K, used 17090K [0x0000000081000000, 0x0000000086900000, 0x00000000d5b00000)
  object space 91136K, 18% used [0x0000000081000000,0x00000000820b09a0,0x0000000086900000)
 Metaspace       used 57117K, capacity 59004K, committed 59160K, reserved 1099776K
  class space    used 7709K, capacity 8080K, committed 8112K, reserved 1048576K
Event: 7.718 GC heap after
Heap after GC invocations=13 (full 3):
 PSYoungGen      total 194048K, used 0K [0x00000000d5b00000, 0x00000000e4180000, 0x0000000100000000)
  eden space 176640K, 0% used [0x00000000d5b00000,0x00000000d5b00000,0x00000000e0780000)
  from space 17408K, 0% used [0x00000000e1800000,0x00000000e1800000,0x00000000e2900000)
  to   space 16896K, 0% used [0x00000000e0780000,0x00000000e0780000,0x00000000e1800000)
 ParOldGen       total 119296K, used 22849K [0x0000000081000000, 0x0000000088480000, 0x00000000d5b00000)
  object space 119296K, 19% used [0x0000000081000000,0x0000000082650500,0x0000000088480000)
 Metaspace       used 57117K, capacity 59004K, committed 59160K, reserved 1099776K
  class space    used 7709K, capacity 8080K, committed 8112K, reserved 1048576K
}

Deoptimization events (10 events):
Event: 161.698 Thread 0x000000001ac14000 Uncommon trap: reason=bimorphic action=maybe_recompile pc=0x00000000039560b8 method=java.util.concurrent.ConcurrentHashMap.putVal(Ljava/lang/Object;Ljava/lang/Object;Z)Ljava/lang/Object; @ 192
Event: 161.698 Thread 0x000000001ac14000 Uncommon trap: reason=unstable_if action=reinterpret pc=0x00000000036fdf80 method=java.lang.invoke.MethodType$ConcurrentWeakInternSet.add(Ljava/lang/Object;)Ljava/lang/Object; @ 47
Event: 161.754 Thread 0x000000001ac17000 Uncommon trap: reason=unstable_if action=reinterpret pc=0x0000000003088fc0 method=java.nio.Buffer.limit(I)Ljava/nio/Buffer; @ 33
Event: 177.330 Thread 0x000000001ac15000 Uncommon trap: reason=unstable_if action=reinterpret pc=0x00000000026022d4 method=java.nio.Buffer.<init>(IIII)V @ 66
Event: 177.479 Thread 0x000000001ac15000 Uncommon trap: reason=predicate action=maybe_recompile pc=0x0000000002f6f45c method=java.util.StringTokenizer.skipDelimiters(I)I @ 17
Event: 177.479 Thread 0x000000001ac15000 Uncommon trap: reason=unstable_if action=reinterpret pc=0x0000000003068be4 method=java.util.StringTokenizer.scanToken(I)I @ 96
Event: 177.526 Thread 0x000000001ac15000 Uncommon trap: reason=bimorphic action=maybe_recompile pc=0x00000000033107c4 method=java.util.Hashtable.addEntry(ILjava/lang/Object;Ljava/lang/Object;I)V @ 38
Event: 177.526 Thread 0x000000001ac15000 Uncommon trap: reason=bimorphic action=maybe_recompile pc=0x00000000033107c4 method=java.util.Hashtable.addEntry(ILjava/lang/Object;Ljava/lang/Object;I)V @ 38
Event: 177.526 Thread 0x000000001ac15000 Uncommon trap: reason=bimorphic action=maybe_recompile pc=0x00000000033107c4 method=java.util.Hashtable.addEntry(ILjava/lang/Object;Ljava/lang/Object;I)V @ 38
Event: 177.531 Thread 0x000000001ac15000 Uncommon trap: reason=unstable_if action=reinterpret pc=0x00000000025c6f40 method=java.lang.CharacterData.of(I)Ljava/lang/CharacterData; @ 4

Classes redefined (0 events):
No events

Internal exceptions (10 events):
Event: 8.240 Thread 0x00000000023a6000 Exception <a 'java/lang/ClassNotFoundException': org/springframework/security/config/annotation/web/configuration/WebSecurityConfigurationCustomizer> (0x00000000d9db33b0) thrown at [C:\re\workspace\8-2-build-windows-amd64-cygwin\jdk8u221\13320\hotspot\src
Event: 8.241 Thread 0x00000000023a6000 Exception <a 'java/lang/ClassNotFoundException': org/springframework/security/config/annotation/web/configuration/WebSecurityConfiguration$$EnhancerBySpringCGLIB$$1d464885Customizer> (0x00000000d9de4250) thrown at [C:\re\workspace\8-2-build-windows-amd64-
Event: 8.241 Thread 0x00000000023a6000 Exception <a 'java/lang/ClassNotFoundException': org/springframework/context/annotation/ConfigurationClassEnhancer$EnhancedConfigurationCustomizer> (0x00000000d9e0cd68) thrown at [C:\re\workspace\8-2-build-windows-amd64-cygwin\jdk8u221\13320\hotspot\src\s
Event: 8.241 Thread 0x00000000023a6000 Exception <a 'java/lang/ClassNotFoundException': org/springframework/beans/factory/BeanFactoryAwareCustomizer> (0x00000000d9e20e20) thrown at [C:\re\workspace\8-2-build-windows-amd64-cygwin\jdk8u221\13320\hotspot\src\share\vm\classfile\systemDictionary.cp
Event: 8.241 Thread 0x00000000023a6000 Exception <a 'java/lang/ClassNotFoundException': org/springframework/beans/factory/AwareCustomizer> (0x00000000d9e33798) thrown at [C:\re\workspace\8-2-build-windows-amd64-cygwin\jdk8u221\13320\hotspot\src\share\vm\classfile\systemDictionary.cpp, line 210
Event: 8.242 Thread 0x00000000023a6000 Exception <a 'java/lang/ClassNotFoundException': org/springframework/context/annotation/ImportAwareCustomizer> (0x00000000d9e47690) thrown at [C:\re\workspace\8-2-build-windows-amd64-cygwin\jdk8u221\13320\hotspot\src\share\vm\classfile\systemDictionary.cp
Event: 8.242 Thread 0x00000000023a6000 Exception <a 'java/lang/ClassNotFoundException': org/springframework/beans/factory/AwareCustomizer> (0x00000000d9e59ac8) thrown at [C:\re\workspace\8-2-build-windows-amd64-cygwin\jdk8u221\13320\hotspot\src\share\vm\classfile\systemDictionary.cpp, line 210
Event: 8.242 Thread 0x00000000023a6000 Exception <a 'java/lang/ClassNotFoundException': org/springframework/beans/factory/BeanClassLoaderAwareCustomizer> (0x00000000d9e6e828) thrown at [C:\re\workspace\8-2-build-windows-amd64-cygwin\jdk8u221\13320\hotspot\src\share\vm\classfile\systemDictionar
Event: 8.242 Thread 0x00000000023a6000 Exception <a 'java/lang/ClassNotFoundException': org/springframework/beans/factory/AwareCustomizer> (0x00000000d9e80c40) thrown at [C:\re\workspace\8-2-build-windows-amd64-cygwin\jdk8u221\13320\hotspot\src\share\vm\classfile\systemDictionary.cpp, line 210
Event: 158.975 Thread 0x00000000205cf000 Implicit null exception at 0x00000000031c6cdb to 0x00000000031c706c

Events (10 events):
Event: 177.692 loading class org/hibernate/engine/jdbc/internal/FormatStyle done
Event: 177.692 loading class org/hibernate/engine/jdbc/internal/Formatter
Event: 177.692 loading class org/hibernate/engine/jdbc/internal/Formatter done
Event: 177.692 loading class org/hibernate/engine/jdbc/internal/BasicFormatterImpl
Event: 177.692 loading class org/hibernate/engine/jdbc/internal/BasicFormatterImpl done
Event: 177.693 loading class org/hibernate/engine/jdbc/internal/DDLFormatterImpl
Event: 177.693 loading class org/hibernate/engine/jdbc/internal/DDLFormatterImpl done
Event: 177.694 loading class org/hibernate/engine/jdbc/internal/FormatStyle$NoFormatImpl
Event: 177.694 loading class org/hibernate/engine/jdbc/internal/FormatStyle$NoFormatImpl done
Event: 177.695 Thread 0x000000001d537800 Thread added: 0x000000001d537800


Dynamic libraries:
0x00007ff743d20000 - 0x00007ff743d57000 	C:\Program Files\Java\jdk1.8.0_221\bin\java.exe
0x00007ff93cd50000 - 0x00007ff93cf3d000 	C:\Windows\SYSTEM32\ntdll.dll
0x00007ff91e4e0000 - 0x00007ff91e4f4000 	C:\Program Files\AVG\Antivirus\aswhook.dll
0x00007ff93cc60000 - 0x00007ff93cd13000 	C:\Windows\System32\KERNEL32.DLL
0x00007ff939780000 - 0x00007ff939a13000 	C:\Windows\System32\KERNELBASE.dll
0x00007ff93c880000 - 0x00007ff93c923000 	C:\Windows\System32\ADVAPI32.dll
0x00007ff93c930000 - 0x00007ff93c9ce000 	C:\Windows\System32\msvcrt.dll
0x00007ff93c730000 - 0x00007ff93c7ce000 	C:\Windows\System32\sechost.dll
0x00007ff93aca0000 - 0x00007ff93adc2000 	C:\Windows\System32\RPCRT4.dll
0x00007ff93a640000 - 0x00007ff93a7d7000 	C:\Windows\System32\USER32.dll
0x00007ff939f50000 - 0x00007ff939f70000 	C:\Windows\System32\win32u.dll
0x00007ff93ca80000 - 0x00007ff93caa9000 	C:\Windows\System32\GDI32.dll
0x00007ff9395e0000 - 0x00007ff939779000 	C:\Windows\System32\gdi32full.dll
0x00007ff939c50000 - 0x00007ff939cf0000 	C:\Windows\System32\msvcp_win.dll
0x00007ff939dd0000 - 0x00007ff939eca000 	C:\Windows\System32\ucrtbase.dll
0x00007ff9293e0000 - 0x00007ff929659000 	C:\Windows\WinSxS\amd64_microsoft.windows.common-controls_6595b64144ccf1df_6.0.17763.802_none_05b1445c0722d2cc\COMCTL32.dll
0x00007ff93add0000 - 0x00007ff93b0fc000 	C:\Windows\System32\combase.dll
0x00007ff939ed0000 - 0x00007ff939f4e000 	C:\Windows\System32\bcryptPrimitives.dll
0x00007ff93a110000 - 0x00007ff93a13e000 	C:\Windows\System32\IMM32.DLL
0x000000006ebf0000 - 0x000000006ecc2000 	C:\Program Files\Java\jdk1.8.0_221\jre\bin\msvcr100.dll
0x000000006ecd0000 - 0x000000006f575000 	C:\Program Files\Java\jdk1.8.0_221\jre\bin\server\jvm.dll
0x00007ff939f70000 - 0x00007ff939f78000 	C:\Windows\System32\PSAPI.DLL
0x00007ff928770000 - 0x00007ff928779000 	C:\Windows\SYSTEM32\WSOCK32.dll
0x00007ff93aaf0000 - 0x00007ff93ab5d000 	C:\Windows\System32\WS2_32.dll
0x00007ff935f60000 - 0x00007ff935f84000 	C:\Windows\SYSTEM32\WINMM.dll
0x00007ff933680000 - 0x00007ff93368a000 	C:\Windows\SYSTEM32\VERSION.dll
0x00007ff935d60000 - 0x00007ff935d8d000 	C:\Windows\SYSTEM32\WINMMBASE.dll
0x00007ff939c00000 - 0x00007ff939c4a000 	C:\Windows\System32\cfgmgr32.dll
0x00007ff937380000 - 0x00007ff93738f000 	C:\Program Files\Java\jdk1.8.0_221\jre\bin\verify.dll
0x00007ff9101e0000 - 0x00007ff910209000 	C:\Program Files\Java\jdk1.8.0_221\jre\bin\java.dll
0x00007ff936f10000 - 0x00007ff936f26000 	C:\Program Files\Java\jdk1.8.0_221\jre\bin\zip.dll
0x00007ff93b100000 - 0x00007ff93c5f4000 	C:\Windows\System32\SHELL32.dll
0x00007ff93c9d0000 - 0x00007ff93ca78000 	C:\Windows\System32\shcore.dll
0x00007ff938e70000 - 0x00007ff9395bd000 	C:\Windows\System32\windows.storage.dll
0x00007ff938dc0000 - 0x00007ff938de4000 	C:\Windows\System32\profapi.dll
0x00007ff938d60000 - 0x00007ff938dbd000 	C:\Windows\System32\powrprof.dll
0x00007ff93ab80000 - 0x00007ff93abd2000 	C:\Windows\System32\shlwapi.dll
0x00007ff938d40000 - 0x00007ff938d51000 	C:\Windows\System32\kernel.appcore.dll
0x00007ff9395c0000 - 0x00007ff9395d7000 	C:\Windows\System32\cryptsp.dll
0x00007ff9373e0000 - 0x00007ff9373ed000 	C:\Program Files\Java\jdk1.8.0_221\jre\bin\management.dll
0x00007ff918ef0000 - 0x00007ff918f0a000 	C:\Program Files\Java\jdk1.8.0_221\jre\bin\net.dll
0x00007ff924760000 - 0x00007ff924937000 	C:\Windows\SYSTEM32\urlmon.dll
0x00007ff9244b0000 - 0x00007ff924758000 	C:\Windows\SYSTEM32\iertutil.dll
0x00007ff9383a0000 - 0x00007ff9383ac000 	C:\Windows\SYSTEM32\CRYPTBASE.DLL
0x00007ff9381d0000 - 0x00007ff938237000 	C:\Windows\system32\mswsock.dll
0x00007ff91cca0000 - 0x00007ff91ccb6000 	C:\Windows\system32\napinsp.dll
0x00007ff91b0d0000 - 0x00007ff91b0ea000 	C:\Windows\system32\pnrpnsp.dll
0x00007ff937f30000 - 0x00007ff937ff6000 	C:\Windows\SYSTEM32\DNSAPI.dll
0x00007ff93ab60000 - 0x00007ff93ab68000 	C:\Windows\System32\NSI.dll
0x00007ff937ef0000 - 0x00007ff937f2d000 	C:\Windows\SYSTEM32\IPHLPAPI.DLL
0x00007ff91ee30000 - 0x00007ff91ee3e000 	C:\Windows\System32\winrnr.dll
0x00007ff934bc0000 - 0x00007ff934bdb000 	C:\Windows\system32\NLAapi.dll
0x00007ff91b0b0000 - 0x00007ff91b0c5000 	C:\Windows\system32\wshbth.dll
0x00007ff929710000 - 0x00007ff92971a000 	C:\Windows\System32\rasadhlp.dll
0x00007ff929d30000 - 0x00007ff929da9000 	C:\Windows\System32\fwpuclnt.dll
0x00007ff939da0000 - 0x00007ff939dc6000 	C:\Windows\System32\bcrypt.dll
0x00007ff9102d0000 - 0x00007ff9102e2000 	C:\Program Files\Java\jdk1.8.0_221\jre\bin\nio.dll
0x00007ff937d50000 - 0x00007ff937d83000 	C:\Windows\system32\rsaenh.dll
0x00007ff938c70000 - 0x00007ff938c98000 	C:\Windows\SYSTEM32\USERENV.dll
0x00007ff930210000 - 0x00007ff930226000 	C:\Windows\SYSTEM32\dhcpcsvc6.DLL
0x00007ff9301f0000 - 0x00007ff93020c000 	C:\Windows\SYSTEM32\dhcpcsvc.DLL
0x00007ff9236c0000 - 0x00007ff9236e4000 	C:\Program Files\Java\jdk1.8.0_221\jre\bin\sunec.dll

VM Arguments:
java_command: com.restaurante.bacon.BaconApplication
java_class_path (initial): C:\Bacon\target\classes;C:\Users\Andresiero\.m2\repository\org\springframework\boot\spring-boot-starter-security\2.1.7.RELEASE\spring-boot-starter-security-2.1.7.RELEASE.jar;C:\Users\Andresiero\.m2\repository\org\springframework\boot\spring-boot-starter\2.1.7.RELEASE\spring-boot-starter-2.1.7.RELEASE.jar;C:\Users\Andresiero\.m2\repository\org\springframework\boot\spring-boot\2.1.7.RELEASE\spring-boot-2.1.7.RELEASE.jar;C:\Users\Andresiero\.m2\repository\org\springframework\boot\spring-boot-autoconfigure\2.1.7.RELEASE\spring-boot-autoconfigure-2.1.7.RELEASE.jar;C:\Users\Andresiero\.m2\repository\org\springframework\boot\spring-boot-starter-logging\2.1.7.RELEASE\spring-boot-starter-logging-2.1.7.RELEASE.jar;C:\Users\Andresiero\.m2\repository\ch\qos\logback\logback-classic\1.2.3\logback-classic-1.2.3.jar;C:\Users\Andresiero\.m2\repository\ch\qos\logback\logback-core\1.2.3\logback-core-1.2.3.jar;C:\Users\Andresiero\.m2\repository\org\apache\logging\log4j\log4j-to-slf4j\2.11.2\log4j-to-slf4j-2.11.2.jar;C:\Users\Andresiero\.m2\repository\org\apache\logging\log4j\log4j-api\2.11.2\log4j-api-2.11.2.jar;C:\Users\Andresiero\.m2\repository\org\slf4j\jul-to-slf4j\1.7.26\jul-to-slf4j-1.7.26.jar;C:\Users\Andresiero\.m2\repository\javax\annotation\javax.annotation-api\1.3.2\javax.annotation-api-1.3.2.jar;C:\Users\Andresiero\.m2\repository\org\yaml\snakeyaml\1.23\snakeyaml-1.23.jar;C:\Users\Andresiero\.m2\repository\org\springframework\spring-aop\5.1.9.RELEASE\spring-aop-5.1.9.RELEASE.jar;C:\Users\Andresiero\.m2\repository\org\springframework\spring-beans\5.1.9.RELEASE\spring-beans-5.1.9.RELEASE.jar;C:\Users\Andresiero\.m2\repository\org\springframework\security\spring-security-config\5.1.6.RELEASE\spring-security-config-5.1.6.RELEASE.jar;C:\Users\Andresiero\.m2\repository\org\springframework\spring-context\5.1.9.RELEASE\spring-context-5.1.9.RELEASE.jar;C:\Users\Andresiero\.m2\repository\org\springframework\security\spring-security-web\5.1.6.RELEASE\sprin
Launcher Type: SUN_STANDARD

Environment Variables:
JAVA_HOME=C:\Program Files\Java\jdk1.8.0_221
CLASSPATH=C:\Program Files\Java\jdk1.8.0_221\jre
PATH=C:\Program Files (x86)\Common Files\Oracle\Java\javapath;C:\Windows\system32;C:\Windows;C:\Windows\System32\Wbem;C:\Windows\System32\WindowsPowerShell\v1.0\;C:\Windows\System32\OpenSSH\;C:\Program Files\nodejs\;C:\Program Files\dotnet\;C:\Program Files\Microsoft SQL Server\130\Tools\Binn\;C:\Program Files\Microsoft SQL Server\Client SDK\ODBC\170\Tools\Binn\;C:\Program Files\Git\cmd;C:\Program Files\Git\mingw64\bin;C:\Program Files\Git\usr\bin;C:\apache-maven-3.6.1\bin;C:\Program Files\Java\jdk1.8.0_221\bin;"C:\Program Files\Java\jre6\bin;F:\JDK\bin;";C:\Users\Andresiero\AppData\Local\Microsoft\WindowsApps;C:\Users\Andresiero\AppData\Roaming\npm;C:\Users\Andresiero\AppData\Local\Programs\Microsoft VS Code\bin;C:\Users\Andresiero\.dotnet\tools
USERNAME=Andresiero
OS=Windows_NT
PROCESSOR_IDENTIFIER=Intel64 Family 6 Model 158 Stepping 10, GenuineIntel



---------------  S Y S T E M  ---------------

OS: Windows 10.0 , 64 bit Build 17763 (10.0.17763.475)

CPU:total 12 (initial active 12) (6 cores per cpu, 2 threads per core) family 6 model 158 stepping 10, cmov, cx8, fxsr, mmx, sse, sse2, sse3, ssse3, sse4.1, sse4.2, popcnt, avx, avx2, aes, clmul, erms, rtm, 3dnowpref, lzcnt, ht, tsc, tscinvbit, bmi1, bmi2, adx

Memory: 4k page, physical 8321804k(318292k free), swap 33487628k(2732k free)

vm_info: Java HotSpot(TM) 64-Bit Server VM (25.221-b11) for windows-amd64 JRE (1.8.0_221-b11), built on Jul  4 2019 04:39:29 by "java_re" with MS VC++ 10.0 (VS2010)

time: Fri Oct 25 20:51:46 2019
timezone: Hora verano Sudamérica Pacífico
elapsed time: 177 seconds (0d 0h 2m 57s)

