#
# There is insufficient memory for the Java Runtime Environment to continue.
# Native memory allocation (malloc) failed to allocate 316336 bytes for Chunk::new
# Possible reasons:
#   The system is out of physical RAM or swap space
#   The process is running with CompressedOops enabled, and the Java Heap may be blocking the growth of the native heap
# Possible solutions:
#   Reduce memory load on the system
#   Increase physical memory or swap space
#   Check if swap backing store is full
#   Decrease Java heap size (-Xmx/-Xms)
#   Decrease number of Java threads
#   Decrease Java thread stack sizes (-Xss)
#   Set larger code cache with -XX:ReservedCodeCacheSize=
#   JVM is running with Unscaled Compressed Oops mode in which the Java heap is
#     placed in the first 4GB address space. The Java Heap base address is the
#     maximum limit for the native heap growth. Please use -XX:HeapBaseMinAddress
#     to set the Java Heap base and to place the Java Heap above 4GB virtual address.
# This output file may be truncated or incomplete.
#
#  Out of Memory Error (allocation.cpp:389), pid=12248, tid=0x00000000000037dc
#
# JRE version: Java(TM) SE Runtime Environment (8.0_221-b11) (build 1.8.0_221-b11)
# Java VM: Java HotSpot(TM) 64-Bit Server VM (25.221-b11 mixed mode windows-amd64 compressed oops)
# Failed to write core dump. Minidumps are not enabled by default on client versions of Windows
#

---------------  T H R E A D  ---------------

Current thread (0x00000000194c4000):  JavaThread "C2 CompilerThread1" daemon [_thread_in_native, id=14300, stack(0x000000001ac30000,0x000000001ad30000)]

Stack: [0x000000001ac30000,0x000000001ad30000]
[error occurred during error reporting (printing stack bounds), id 0xc0000005]

Native frames: (J=compiled Java code, j=interpreted, Vv=VM code, C=native code)


Current CompileTask:
C2:  39976 6033       4       org.codehaus.plexus.util.xml.Xpp3DomBuilder::build (348 bytes)


---------------  P R O C E S S  ---------------

Java Threads: ( => current thread )
  0x0000000019561800 JavaThread "Service Thread" daemon [_thread_blocked, id=7048, stack(0x000000001af30000,0x000000001b030000)]
  0x00000000194ce000 JavaThread "C1 CompilerThread3" daemon [_thread_blocked, id=13840, stack(0x000000001ae30000,0x000000001af30000)]
  0x00000000194cd000 JavaThread "C2 CompilerThread2" daemon [_thread_blocked, id=7824, stack(0x000000001ad30000,0x000000001ae30000)]
=>0x00000000194c4000 JavaThread "C2 CompilerThread1" daemon [_thread_in_native, id=14300, stack(0x000000001ac30000,0x000000001ad30000)]
  0x00000000194bd000 JavaThread "C2 CompilerThread0" daemon [_thread_blocked, id=10780, stack(0x000000001ab30000,0x000000001ac30000)]
  0x00000000194ba800 JavaThread "Attach Listener" daemon [_thread_blocked, id=11420, stack(0x000000001aa30000,0x000000001ab30000)]
  0x00000000194b9800 JavaThread "Signal Dispatcher" daemon [_thread_blocked, id=13028, stack(0x000000001a930000,0x000000001aa30000)]
  0x0000000002c0b800 JavaThread "Finalizer" daemon [_thread_blocked, id=3220, stack(0x000000001a710000,0x000000001a810000)]
  0x00000000194b3000 JavaThread "Reference Handler" daemon [_thread_blocked, id=10292, stack(0x000000001a610000,0x000000001a710000)]
  0x0000000002b12800 JavaThread "main" [_thread_in_native, id=13584, stack(0x0000000002a10000,0x0000000002b10000)]

Other Threads:
  0x0000000019492800 VMThread [stack: 0x000000001a510000,0x000000001a610000] [id=13852]
  0x000000001957b800 WatcherThread [stack: 0x000000001b190000,0x000000001b290000] [id=12668]

VM state:not at safepoint (normal execution)

VM Mutex/Monitor currently owned by a thread: None

heap address: 0x0000000081000000, size: 2032 MB, Compressed Oops mode: 32-bit
Narrow klass base: 0x0000000000000000, Narrow klass shift: 3
Compressed class space size: 1073741824 Address: 0x0000000100000000

Heap:
 PSYoungGen      total 142336K, used 94009K [0x00000000d5b00000, 0x00000000e3180000, 0x0000000100000000)
  eden space 121344K, 70% used [0x00000000d5b00000,0x00000000dae33c38,0x00000000dd180000)
  from space 20992K, 41% used [0x00000000dd180000,0x00000000dda1aaf0,0x00000000de600000)
  to   space 19968K, 0% used [0x00000000e1e00000,0x00000000e1e00000,0x00000000e3180000)
 ParOldGen       total 83456K, used 31782K [0x0000000081000000, 0x0000000086180000, 0x00000000d5b00000)
  object space 83456K, 38% used [0x0000000081000000,0x0000000082f098c0,0x0000000086180000)
 Metaspace       used 24092K, capacity 24724K, committed 24960K, reserved 1071104K
  class space    used 2689K, capacity 2840K, committed 2944K, reserved 1048576K

Card table byte_map: [0x0000000011fd0000,0x00000000123d0000] byte_map_base: 0x0000000011bc8000

Marking Bits: (ParMarkBitMap*) 0x000000006f4f5ce0
 Begin Bits: [0x0000000013080000, 0x0000000015040000)
 End Bits:   [0x0000000015040000, 0x0000000017000000)

Polling page: 0x0000000000ea0000

CodeCache: size=245760Kb used=18971Kb max_used=19445Kb free=226788Kb
 bounds [0x0000000002c10000, 0x0000000003f30000, 0x0000000011c10000]
 total_blobs=5434 nmethods=5013 adapters=331
 compilation: enabled

Compilation events (10 events):
Event: 39.925 Thread 0x00000000194bd000 nmethod 6029 0x000000000319ce50 code [0x000000000319d000, 0x000000000319d9d8]
Event: 39.942 Thread 0x00000000194c4000 6033       4       org.codehaus.plexus.util.xml.Xpp3DomBuilder::build (348 bytes)
Event: 39.943 Thread 0x00000000194ce000 6035       3       java.util.regex.Pattern::expr (142 bytes)
Event: 39.944 Thread 0x00000000194ce000 nmethod 6035 0x00000000039f2510 code [0x00000000039f2740, 0x00000000039f3368]
Event: 39.944 Thread 0x00000000194ce000 6036       3       org.sonatype.guice.bean.locators.RankedSequence$Itr::next (47 bytes)
Event: 39.944 Thread 0x00000000194ce000 nmethod 6036 0x000000000325dad0 code [0x000000000325dc40, 0x000000000325df78]
Event: 39.944 Thread 0x00000000194ce000 6034       3       java.util.Stack::<init> (5 bytes)
Event: 39.944 Thread 0x00000000194ce000 nmethod 6034 0x0000000002e1e810 code [0x0000000002e1e980, 0x0000000002e1ebe8]
Event: 39.944 Thread 0x00000000194ce000 6037       3       java.lang.reflect.Method::acquireMethodAccessor (44 bytes)
Event: 39.945 Thread 0x00000000194ce000 nmethod 6037 0x0000000003292190 code [0x0000000003292320, 0x0000000003292978]

GC Heap History (10 events):
Event: 2.045 GC heap before
{Heap before GC invocations=6 (full 0):
 PSYoungGen      total 71680K, used 71648K [0x00000000d5b00000, 0x00000000def00000, 0x0000000100000000)
  eden space 66560K, 100% used [0x00000000d5b00000,0x00000000d9c00000,0x00000000d9c00000)
  from space 5120K, 99% used [0x00000000d9c00000,0x00000000da0f8020,0x00000000da100000)
  to   space 9216K, 0% used [0x00000000de600000,0x00000000de600000,0x00000000def00000)
 ParOldGen       total 87552K, used 8709K [0x0000000081000000, 0x0000000086580000, 0x00000000d5b00000)
  object space 87552K, 9% used [0x0000000081000000,0x00000000818816a8,0x0000000086580000)
 Metaspace       used 13461K, capacity 13792K, committed 13952K, reserved 1060864K
  class space    used 1602K, capacity 1664K, committed 1664K, reserved 1048576K
Event: 2.050 GC heap after
Heap after GC invocations=6 (full 0):
 PSYoungGen      total 141312K, used 9104K [0x00000000d5b00000, 0x00000000df100000, 0x0000000100000000)
  eden space 132096K, 0% used [0x00000000d5b00000,0x00000000d5b00000,0x00000000ddc00000)
  from space 9216K, 98% used [0x00000000de600000,0x00000000deee4030,0x00000000def00000)
  to   space 10240K, 0% used [0x00000000ddc00000,0x00000000ddc00000,0x00000000de600000)
 ParOldGen       total 87552K, used 8717K [0x0000000081000000, 0x0000000086580000, 0x00000000d5b00000)
  object space 87552K, 9% used [0x0000000081000000,0x00000000818836a8,0x0000000086580000)
 Metaspace       used 13461K, capacity 13792K, committed 13952K, reserved 1060864K
  class space    used 1602K, capacity 1664K, committed 1664K, reserved 1048576K
}
Event: 33.107 GC heap before
{Heap before GC invocations=7 (full 0):
 PSYoungGen      total 141312K, used 141200K [0x00000000d5b00000, 0x00000000df100000, 0x0000000100000000)
  eden space 132096K, 100% used [0x00000000d5b00000,0x00000000ddc00000,0x00000000ddc00000)
  from space 9216K, 98% used [0x00000000de600000,0x00000000deee4030,0x00000000def00000)
  to   space 10240K, 0% used [0x00000000ddc00000,0x00000000ddc00000,0x00000000de600000)
 ParOldGen       total 87552K, used 8717K [0x0000000081000000, 0x0000000086580000, 0x00000000d5b00000)
  object space 87552K, 9% used [0x0000000081000000,0x00000000818836a8,0x0000000086580000)
 Metaspace       used 19180K, capacity 19662K, committed 19840K, reserved 1067008K
  class space    used 2263K, capacity 2363K, committed 2432K, reserved 1048576K
Event: 33.124 GC heap after
Heap after GC invocations=7 (full 0):
 PSYoungGen      total 142336K, used 10232K [0x00000000d5b00000, 0x00000000df100000, 0x0000000100000000)
  eden space 132096K, 0% used [0x00000000d5b00000,0x00000000d5b00000,0x00000000ddc00000)
  from space 10240K, 99% used [0x00000000ddc00000,0x00000000de5fe2e8,0x00000000de600000)
  to   space 9216K, 0% used [0x00000000de600000,0x00000000de600000,0x00000000def00000)
 ParOldGen       total 87552K, used 20944K [0x0000000081000000, 0x0000000086580000, 0x00000000d5b00000)
  object space 87552K, 23% used [0x0000000081000000,0x0000000082474250,0x0000000086580000)
 Metaspace       used 19180K, capacity 19662K, committed 19840K, reserved 1067008K
  class space    used 2263K, capacity 2363K, committed 2432K, reserved 1048576K
}
Event: 35.369 GC heap before
{Heap before GC invocations=8 (full 0):
 PSYoungGen      total 142336K, used 74423K [0x00000000d5b00000, 0x00000000df100000, 0x0000000100000000)
  eden space 132096K, 48% used [0x00000000d5b00000,0x00000000d99afce0,0x00000000ddc00000)
  from space 10240K, 99% used [0x00000000ddc00000,0x00000000de5fe2e8,0x00000000de600000)
  to   space 9216K, 0% used [0x00000000de600000,0x00000000de600000,0x00000000def00000)
 ParOldGen       total 87552K, used 20944K [0x0000000081000000, 0x0000000086580000, 0x00000000d5b00000)
  object space 87552K, 23% used [0x0000000081000000,0x0000000082474250,0x0000000086580000)
 Metaspace       used 20690K, capacity 21202K, committed 21248K, reserved 1069056K
  class space    used 2397K, capacity 2535K, committed 2560K, reserved 1048576K
Event: 35.378 GC heap after
Heap after GC invocations=8 (full 0):
 PSYoungGen      total 130560K, used 9203K [0x00000000d5b00000, 0x00000000e0000000, 0x0000000100000000)
  eden space 121344K, 0% used [0x00000000d5b00000,0x00000000d5b00000,0x00000000dd180000)
  from space 9216K, 99% used [0x00000000de600000,0x00000000deefcec8,0x00000000def00000)
  to   space 20992K, 0% used [0x00000000dd180000,0x00000000dd180000,0x00000000de600000)
 ParOldGen       total 87552K, used 30784K [0x0000000081000000, 0x0000000086580000, 0x00000000d5b00000)
  object space 87552K, 35% used [0x0000000081000000,0x0000000082e101c8,0x0000000086580000)
 Metaspace       used 20690K, capacity 21202K, committed 21248K, reserved 1069056K
  class space    used 2397K, capacity 2535K, committed 2560K, reserved 1048576K
}
Event: 35.378 GC heap before
{Heap before GC invocations=9 (full 1):
 PSYoungGen      total 130560K, used 9203K [0x00000000d5b00000, 0x00000000e0000000, 0x0000000100000000)
  eden space 121344K, 0% used [0x00000000d5b00000,0x00000000d5b00000,0x00000000dd180000)
  from space 9216K, 99% used [0x00000000de600000,0x00000000deefcec8,0x00000000def00000)
  to   space 20992K, 0% used [0x00000000dd180000,0x00000000dd180000,0x00000000de600000)
 ParOldGen       total 87552K, used 30784K [0x0000000081000000, 0x0000000086580000, 0x00000000d5b00000)
  object space 87552K, 35% used [0x0000000081000000,0x0000000082e101c8,0x0000000086580000)
 Metaspace       used 20690K, capacity 21202K, committed 21248K, reserved 1069056K
  class space    used 2397K, capacity 2535K, committed 2560K, reserved 1048576K
Event: 35.453 GC heap after
Heap after GC invocations=9 (full 1):
 PSYoungGen      total 130560K, used 0K [0x00000000d5b00000, 0x00000000e0000000, 0x0000000100000000)
  eden space 121344K, 0% used [0x00000000d5b00000,0x00000000d5b00000,0x00000000dd180000)
  from space 9216K, 0% used [0x00000000de600000,0x00000000de600000,0x00000000def00000)
  to   space 20992K, 0% used [0x00000000dd180000,0x00000000dd180000,0x00000000de600000)
 ParOldGen       total 83456K, used 31774K [0x0000000081000000, 0x0000000086180000, 0x00000000d5b00000)
  object space 83456K, 38% used [0x0000000081000000,0x0000000082f078c0,0x0000000086180000)
 Metaspace       used 20690K, capacity 21202K, committed 21248K, reserved 1069056K
  class space    used 2397K, capacity 2535K, committed 2560K, reserved 1048576K
}
Event: 36.215 GC heap before
{Heap before GC invocations=10 (full 1):
 PSYoungGen      total 130560K, used 121344K [0x00000000d5b00000, 0x00000000e0000000, 0x0000000100000000)
  eden space 121344K, 100% used [0x00000000d5b00000,0x00000000dd180000,0x00000000dd180000)
  from space 9216K, 0% used [0x00000000de600000,0x00000000de600000,0x00000000def00000)
  to   space 20992K, 0% used [0x00000000dd180000,0x00000000dd180000,0x00000000de600000)
 ParOldGen       total 83456K, used 31774K [0x0000000081000000, 0x0000000086180000, 0x00000000d5b00000)
  object space 83456K, 38% used [0x0000000081000000,0x0000000082f078c0,0x0000000086180000)
 Metaspace       used 21883K, capacity 22448K, committed 22656K, reserved 1069056K
  class space    used 2501K, capacity 2643K, committed 2688K, reserved 1048576K
Event: 36.220 GC heap after
Heap after GC invocations=10 (full 1):
 PSYoungGen      total 142336K, used 8810K [0x00000000d5b00000, 0x00000000e3180000, 0x0000000100000000)
  eden space 121344K, 0% used [0x00000000d5b00000,0x00000000d5b00000,0x00000000dd180000)
  from space 20992K, 41% used [0x00000000dd180000,0x00000000dda1aaf0,0x00000000de600000)
  to   space 19968K, 0% used [0x00000000e1e00000,0x00000000e1e00000,0x00000000e3180000)
 ParOldGen       total 83456K, used 31782K [0x0000000081000000, 0x0000000086180000, 0x00000000d5b00000)
  object space 83456K, 38% used [0x0000000081000000,0x0000000082f098c0,0x0000000086180000)
 Metaspace       used 21883K, capacity 22448K, committed 22656K, reserved 1069056K
  class space    used 2501K, capacity 2643K, committed 2688K, reserved 1048576K
}

Deoptimization events (10 events):
Event: 37.004 Thread 0x0000000002b12800 Uncommon trap: reason=unstable_if action=reinterpret pc=0x0000000002f084ec method=com.sun.tools.javac.util.ArrayUtils.ensureCapacity([BI)[B @ 3
Event: 37.020 Thread 0x0000000002b12800 Uncommon trap: reason=unstable_if action=reinterpret pc=0x0000000002e71d10 method=com.sun.tools.javac.jvm.Code.width(Lcom/sun/tools/javac/code/Type;)I @ 1
Event: 37.170 Thread 0x0000000002b12800 Uncommon trap: reason=unstable_if action=reinterpret pc=0x00000000037a5edc method=java.util.concurrent.ConcurrentHashMap.putVal(Ljava/lang/Object;Ljava/lang/Object;Z)Ljava/lang/Object; @ 181
Event: 37.414 Thread 0x0000000002b12800 Uncommon trap: reason=unstable_if action=reinterpret pc=0x0000000003510560 method=java.util.WeakHashMap.expungeStaleEntries()V @ 66
Event: 38.454 Thread 0x0000000002b12800 Uncommon trap: reason=bimorphic action=maybe_recompile pc=0x00000000035b2a78 method=com.google.inject.internal.InjectorImpl.callInContext(Lcom/google/inject/internal/ContextualCallable;)Ljava/lang/Object; @ 62
Event: 38.529 Thread 0x000000001cf49800 Uncommon trap: reason=unstable_if action=reinterpret pc=0x00000000035667a4 method=java.lang.ThreadLocal.get()Ljava/lang/Object; @ 11
Event: 38.533 Thread 0x0000000002b12800 Uncommon trap: reason=class_check action=maybe_recompile pc=0x000000000347e574 method=java.util.Collections.eq(Ljava/lang/Object;Ljava/lang/Object;)Z @ 18
Event: 38.533 Thread 0x0000000002b12800 Uncommon trap: reason=class_check action=maybe_recompile pc=0x000000000347e574 method=java.util.Collections.eq(Ljava/lang/Object;Ljava/lang/Object;)Z @ 18
Event: 38.533 Thread 0x0000000002b12800 Uncommon trap: reason=class_check action=maybe_recompile pc=0x000000000347e574 method=java.util.Collections.eq(Ljava/lang/Object;Ljava/lang/Object;)Z @ 18
Event: 38.534 Thread 0x0000000002b12800 Uncommon trap: reason=class_check action=maybe_recompile pc=0x000000000347e574 method=java.util.Collections.eq(Ljava/lang/Object;Ljava/lang/Object;)Z @ 18

Classes redefined (0 events):
No events

Internal exceptions (10 events):
Event: 35.658 Thread 0x0000000002b12800 Implicit null exception at 0x00000000034d45a1 to 0x00000000034d4667
Event: 35.658 Thread 0x0000000002b12800 Exception <a 'java/lang/NullPointerException'> (0x00000000d8605db8) thrown at [C:\re\workspace\8-2-build-windows-amd64-cygwin\jdk8u221\13320\hotspot\src\share\vm\runtime\sharedRuntime.cpp, line 605]
Event: 35.660 Thread 0x0000000002b12800 Implicit null exception at 0x00000000034d45a1 to 0x00000000034d4667
Event: 35.660 Thread 0x0000000002b12800 Exception <a 'java/lang/NullPointerException'> (0x00000000d8658a68) thrown at [C:\re\workspace\8-2-build-windows-amd64-cygwin\jdk8u221\13320\hotspot\src\share\vm\runtime\sharedRuntime.cpp, line 605]
Event: 35.662 Thread 0x0000000002b12800 Implicit null exception at 0x00000000034d45a1 to 0x00000000034d4667
Event: 35.662 Thread 0x0000000002b12800 Exception <a 'java/lang/NullPointerException'> (0x00000000d86a22c0) thrown at [C:\re\workspace\8-2-build-windows-amd64-cygwin\jdk8u221\13320\hotspot\src\share\vm\runtime\sharedRuntime.cpp, line 605]
Event: 35.694 Thread 0x0000000002b12800 Implicit null exception at 0x000000000331904f to 0x000000000331914d
Event: 38.453 Thread 0x0000000002b12800 Exception <a 'java/lang/NoClassDefFoundError': org/slf4j/Logger> (0x00000000d9cf85c0) thrown at [C:\re\workspace\8-2-build-windows-amd64-cygwin\jdk8u221\13320\hotspot\src\share\vm\oops\constantPool.cpp, line 245]
Event: 38.526 Thread 0x0000000002b12800 Exception <a 'java/lang/NoSuchMethodError': org.apache.maven.execution.MavenExecutionRequest.getFailureBehavior()Ljava/lang/String;> (0x00000000da11a8e0) thrown at [C:\re\workspace\8-2-build-windows-amd64-cygwin\jdk8u221\13320\hotspot\src\share\vm\interpr
Event: 38.529 Thread 0x000000001cf49800 Implicit null exception at 0x00000000035666e8 to 0x0000000003566791

Events (10 events):
Event: 39.836 Thread 0x0000000002b12800 DEOPT PACKING pc=0x00000000034ee4fc sp=0x0000000002b0bba0
Event: 39.836 Thread 0x0000000002b12800 DEOPT UNPACKING pc=0x0000000002c57890 sp=0x0000000002b0b9b8 mode 0
Event: 39.836 Thread 0x0000000002b12800 DEOPT PACKING pc=0x00000000034ee4fc sp=0x0000000002b0bc10
Event: 39.836 Thread 0x0000000002b12800 DEOPT UNPACKING pc=0x0000000002c57890 sp=0x0000000002b0ba28 mode 0
Event: 39.836 Thread 0x0000000002b12800 DEOPT PACKING pc=0x00000000034ee4fc sp=0x0000000002b0bbd0
Event: 39.836 Thread 0x0000000002b12800 DEOPT UNPACKING pc=0x0000000002c57890 sp=0x0000000002b0b9e8 mode 0
Event: 39.836 Thread 0x0000000002b12800 DEOPT PACKING pc=0x00000000034ee4fc sp=0x0000000002b0bd10
Event: 39.836 Thread 0x0000000002b12800 DEOPT UNPACKING pc=0x0000000002c57890 sp=0x0000000002b0bb28 mode 0
Event: 39.836 Thread 0x0000000002b12800 DEOPT PACKING pc=0x00000000034ee4fc sp=0x0000000002b0bcd0
Event: 39.836 Thread 0x0000000002b12800 DEOPT UNPACKING pc=0x0000000002c57890 sp=0x0000000002b0bae8 mode 0


Dynamic libraries:
0x00007ff674780000 - 0x00007ff6747b7000 	C:\Program Files\Java\jdk1.8.0_221\bin\java.exe
0x00007ff93cd50000 - 0x00007ff93cf3d000 	C:\Windows\SYSTEM32\ntdll.dll
0x00007ff91e4e0000 - 0x00007ff91e4f4000 	C:\Program Files\AVG\Antivirus\aswhook.dll
0x00007ff93cc60000 - 0x00007ff93cd13000 	C:\Windows\System32\KERNEL32.DLL
0x00007ff939780000 - 0x00007ff939a13000 	C:\Windows\System32\KERNELBASE.dll
0x00007ff93c880000 - 0x00007ff93c923000 	C:\Windows\System32\ADVAPI32.dll
0x00007ff93c930000 - 0x00007ff93c9ce000 	C:\Windows\System32\msvcrt.dll
0x00007ff93c730000 - 0x00007ff93c7ce000 	C:\Windows\System32\sechost.dll
0x00007ff93aca0000 - 0x00007ff93adc2000 	C:\Windows\System32\RPCRT4.dll
0x00007ff93a640000 - 0x00007ff93a7d7000 	C:\Windows\System32\USER32.dll
0x00007ff939f50000 - 0x00007ff939f70000 	C:\Windows\System32\win32u.dll
0x00007ff93ca80000 - 0x00007ff93caa9000 	C:\Windows\System32\GDI32.dll
0x00007ff9395e0000 - 0x00007ff939779000 	C:\Windows\System32\gdi32full.dll
0x00007ff939c50000 - 0x00007ff939cf0000 	C:\Windows\System32\msvcp_win.dll
0x00007ff939dd0000 - 0x00007ff939eca000 	C:\Windows\System32\ucrtbase.dll
0x00007ff9293e0000 - 0x00007ff929659000 	C:\Windows\WinSxS\amd64_microsoft.windows.common-controls_6595b64144ccf1df_6.0.17763.802_none_05b1445c0722d2cc\COMCTL32.dll
0x00007ff93add0000 - 0x00007ff93b0fc000 	C:\Windows\System32\combase.dll
0x00007ff939ed0000 - 0x00007ff939f4e000 	C:\Windows\System32\bcryptPrimitives.dll
0x00007ff93a110000 - 0x00007ff93a13e000 	C:\Windows\System32\IMM32.DLL
0x000000006ebf0000 - 0x000000006ecc2000 	C:\Program Files\Java\jdk1.8.0_221\jre\bin\msvcr100.dll
0x000000006ecd0000 - 0x000000006f575000 	C:\Program Files\Java\jdk1.8.0_221\jre\bin\server\jvm.dll
0x00007ff939f70000 - 0x00007ff939f78000 	C:\Windows\System32\PSAPI.DLL
0x00007ff928770000 - 0x00007ff928779000 	C:\Windows\SYSTEM32\WSOCK32.dll
0x00007ff93aaf0000 - 0x00007ff93ab5d000 	C:\Windows\System32\WS2_32.dll
0x00007ff935f60000 - 0x00007ff935f84000 	C:\Windows\SYSTEM32\WINMM.dll
0x00007ff933680000 - 0x00007ff93368a000 	C:\Windows\SYSTEM32\VERSION.dll
0x00007ff935d60000 - 0x00007ff935d8d000 	C:\Windows\SYSTEM32\WINMMBASE.dll
0x00007ff939c00000 - 0x00007ff939c4a000 	C:\Windows\System32\cfgmgr32.dll
0x00007ff937830000 - 0x00007ff93783f000 	C:\Program Files\Java\jdk1.8.0_221\jre\bin\verify.dll
0x00007ff918df0000 - 0x00007ff918e19000 	C:\Program Files\Java\jdk1.8.0_221\jre\bin\java.dll
0x00007ff9196d0000 - 0x00007ff9196e6000 	C:\Program Files\Java\jdk1.8.0_221\jre\bin\zip.dll
0x00007ff93b100000 - 0x00007ff93c5f4000 	C:\Windows\System32\SHELL32.dll
0x00007ff93c9d0000 - 0x00007ff93ca78000 	C:\Windows\System32\shcore.dll
0x00007ff938e70000 - 0x00007ff9395bd000 	C:\Windows\System32\windows.storage.dll
0x00007ff938dc0000 - 0x00007ff938de4000 	C:\Windows\System32\profapi.dll
0x00007ff938d60000 - 0x00007ff938dbd000 	C:\Windows\System32\powrprof.dll
0x00007ff93ab80000 - 0x00007ff93abd2000 	C:\Windows\System32\shlwapi.dll
0x00007ff938d40000 - 0x00007ff938d51000 	C:\Windows\System32\kernel.appcore.dll
0x00007ff9395c0000 - 0x00007ff9395d7000 	C:\Windows\System32\cryptsp.dll
0x00007ff918ef0000 - 0x00007ff918f0a000 	C:\Program Files\Java\jdk1.8.0_221\jre\bin\net.dll
0x00007ff924760000 - 0x00007ff924937000 	C:\Windows\SYSTEM32\urlmon.dll
0x00007ff9244b0000 - 0x00007ff924758000 	C:\Windows\SYSTEM32\iertutil.dll
0x00007ff9383a0000 - 0x00007ff9383ac000 	C:\Windows\SYSTEM32\CRYPTBASE.DLL
0x00007ff9381d0000 - 0x00007ff938237000 	C:\Windows\system32\mswsock.dll
0x00007ff918da0000 - 0x00007ff918db2000 	C:\Program Files\Java\jdk1.8.0_221\jre\bin\nio.dll
0x00007ff9377e0000 - 0x00007ff9377ed000 	C:\Program Files\Java\jdk1.8.0_221\jre\bin\management.dll
0x00007ff91cca0000 - 0x00007ff91ccb6000 	C:\Windows\system32\napinsp.dll
0x00007ff91b0d0000 - 0x00007ff91b0ea000 	C:\Windows\system32\pnrpnsp.dll
0x00007ff937f30000 - 0x00007ff937ff6000 	C:\Windows\SYSTEM32\DNSAPI.dll
0x00007ff93ab60000 - 0x00007ff93ab68000 	C:\Windows\System32\NSI.dll
0x00007ff937ef0000 - 0x00007ff937f2d000 	C:\Windows\SYSTEM32\IPHLPAPI.DLL
0x00007ff91ee30000 - 0x00007ff91ee3e000 	C:\Windows\System32\winrnr.dll
0x00007ff934bc0000 - 0x00007ff934bdb000 	C:\Windows\system32\NLAapi.dll
0x00007ff91b0b0000 - 0x00007ff91b0c5000 	C:\Windows\system32\wshbth.dll
0x00007ff929710000 - 0x00007ff92971a000 	C:\Windows\System32\rasadhlp.dll
0x00007ff929d30000 - 0x00007ff929da9000 	C:\Windows\System32\fwpuclnt.dll
0x00007ff939da0000 - 0x00007ff939dc6000 	C:\Windows\System32\bcrypt.dll

VM Arguments:
jvm_args: -Dclassworlds.conf=C:\Program Files\NetBeans 8.0.2\java\maven\bin\m2.conf -Dmaven.home=C:\Program Files\NetBeans 8.0.2\java\maven 
java_command: org.codehaus.plexus.classworlds.launcher.Launcher -Dmaven.ext.class.path=C:\Program Files\NetBeans 8.0.2\java\maven-nblib\netbeans-eventspy.jar -Dfile.encoding=UTF-8 clean install
java_class_path (initial): C:\Program Files\NetBeans 8.0.2\java\maven\boot\plexus-classworlds-2.4.jar
Launcher Type: SUN_STANDARD

Environment Variables:
JAVA_HOME=C:\Program Files\Java\jdk1.8.0_221
CLASSPATH=C:\Program Files\Java\jdk1.8.0_221\jre
PATH=C:\Program Files (x86)\Common Files\Oracle\Java\javapath;C:\Windows\system32;C:\Windows;C:\Windows\System32\Wbem;C:\Windows\System32\WindowsPowerShell\v1.0\;C:\Windows\System32\OpenSSH\;C:\Program Files\nodejs\;C:\Program Files\dotnet\;C:\Program Files\Microsoft SQL Server\130\Tools\Binn\;C:\Program Files\Microsoft SQL Server\Client SDK\ODBC\170\Tools\Binn\;C:\Program Files\Git\cmd;C:\Program Files\Git\mingw64\bin;C:\Program Files\Git\usr\bin;C:\apache-maven-3.6.1\bin;C:\Program Files\Java\jdk1.8.0_221\bin;"C:\Program Files\Java\jre6\bin;F:\JDK\bin;";C:\Users\Andresiero\AppData\Local\Microsoft\WindowsApps;C:\Users\Andresiero\AppData\Roaming\npm;C:\Users\Andresiero\AppData\Local\Programs\Microsoft VS Code\bin;C:\Users\Andresiero\.dotnet\tools
USERNAME=Andresiero
OS=Windows_NT
PROCESSOR_IDENTIFIER=Intel64 Family 6 Model 158 Stepping 10, GenuineIntel



---------------  S Y S T E M  ---------------

OS: Windows 10.0 , 64 bit Build 17763 (10.0.17763.475)

CPU:total 12 (initial active 12) (6 cores per cpu, 2 threads per core) family 6 model 158 stepping 10, cmov, cx8, fxsr, mmx, sse, sse2, sse3, ssse3, sse4.1, sse4.2, popcnt, avx, avx2, aes, clmul, erms, rtm, 3dnowpref, lzcnt, ht, tsc, tscinvbit, bmi1, bmi2, adx

Memory: 4k page, physical 8321804k(592080k free), swap 33487628k(3844k free)

vm_info: Java HotSpot(TM) 64-Bit Server VM (25.221-b11) for windows-amd64 JRE (1.8.0_221-b11), built on Jul  4 2019 04:39:29 by "java_re" with MS VC++ 10.0 (VS2010)

time: Fri Oct 25 21:06:46 2019
timezone: Hora verano Sudamérica Pacífico
elapsed time: 39 seconds (0d 0h 0m 39s)

