#
# There is insufficient memory for the Java Runtime Environment to continue.
# Native memory allocation (malloc) failed to allocate 1048576 bytes for AllocateHeap
# Possible reasons:
#   The system is out of physical RAM or swap space
#   The process is running with CompressedOops enabled, and the Java Heap may be blocking the growth of the native heap
# Possible solutions:
#   Reduce memory load on the system
#   Increase physical memory or swap space
#   Check if swap backing store is full
#   Decrease Java heap size (-Xmx/-Xms)
#   Decrease number of Java threads
#   Decrease Java thread stack sizes (-Xss)
#   Set larger code cache with -XX:ReservedCodeCacheSize=
#   JVM is running with Unscaled Compressed Oops mode in which the Java heap is
#     placed in the first 4GB address space. The Java Heap base address is the
#     maximum limit for the native heap growth. Please use -XX:HeapBaseMinAddress
#     to set the Java Heap base and to place the Java Heap above 4GB virtual address.
# This output file may be truncated or incomplete.
#
#  Out of Memory Error (memory/allocation.inline.hpp:61), pid=14012, tid=0x0000000000003648
#
# JRE version:  (8.0_221-b11) (build )
# Java VM: Java HotSpot(TM) 64-Bit Server VM (25.221-b11 mixed mode windows-amd64 compressed oops)
# Failed to write core dump. Minidumps are not enabled by default on client versions of Windows
#

---------------  T H R E A D  ---------------

Current thread (0x00000000024d2800):  JavaThread "Unknown thread" [_thread_in_vm, id=13896, stack(0x00000000023d0000,0x00000000024d0000)]

Stack: [0x00000000023d0000,0x00000000024d0000]
[error occurred during error reporting (printing stack bounds), id 0xc0000005]

Native frames: (J=compiled Java code, j=interpreted, Vv=VM code, C=native code)


---------------  P R O C E S S  ---------------

Java Threads: ( => current thread )

Other Threads:

=>0x00000000024d2800 (exited) JavaThread "Unknown thread" [_thread_in_vm, id=13896, stack(0x00000000023d0000,0x00000000024d0000)]

VM state:not at safepoint (normal execution)

VM Mutex/Monitor currently owned by a thread: None

heap address: 0x0000000081000000, size: 2032 MB, Compressed Oops mode: 32-bit
Narrow klass base: 0x0000000000000000, Narrow klass shift: 3
Compressed class space size: 1073741824 Address: 0x0000000100000000

Heap:
 PSYoungGen      total 38400K, used 665K [0x00000000d5b00000, 0x00000000d8580000, 0x0000000100000000)
  eden space 33280K, 2% used [0x00000000d5b00000,0x00000000d5ba6670,0x00000000d7b80000)
  from space 5120K, 0% used [0x00000000d8080000,0x00000000d8080000,0x00000000d8580000)
  to   space 5120K, 0% used [0x00000000d7b80000,0x00000000d7b80000,0x00000000d8080000)
 ParOldGen       total 87552K, used 0K [0x0000000081000000, 0x0000000086580000, 0x00000000d5b00000)
  object space 87552K, 0% used [0x0000000081000000,0x0000000081000000,0x0000000086580000)
 Metaspace       used 776K, capacity 4480K, committed 4480K, reserved 1056768K
  class space    used 76K, capacity 384K, committed 384K, reserved 1048576K

Card table byte_map: [0x0000000011990000,0x0000000011d90000] byte_map_base: 0x0000000011588000

Marking Bits: (ParMarkBitMap*) 0x000000006f4f5ce0
 Begin Bits: [0x0000000012a40000, 0x0000000014a00000)
 End Bits:   [0x0000000014a00000, 0x00000000169c0000)

Polling page: 0x0000000000950000

CodeCache: size=245760Kb used=328Kb max_used=328Kb free=245431Kb
 bounds [0x00000000025d0000, 0x0000000002840000, 0x00000000115d0000]
 total_blobs=58 nmethods=0 adapters=38
 compilation: enabled

Compilation events (0 events):
No events

GC Heap History (0 events):
No events

Deoptimization events (0 events):
No events

Classes redefined (0 events):
No events

Internal exceptions (0 events):
No events

Events (10 events):
Event: 0.023 loading class java/lang/Short
Event: 0.024 loading class java/lang/Short done
Event: 0.024 loading class java/lang/Integer
Event: 0.024 loading class java/lang/Integer done
Event: 0.024 loading class java/lang/Long
Event: 0.024 loading class java/lang/Long done
Event: 0.024 loading class java/lang/NullPointerException
Event: 0.024 loading class java/lang/NullPointerException done
Event: 0.024 loading class java/lang/ArithmeticException
Event: 0.024 loading class java/lang/ArithmeticException done


Dynamic libraries:
0x00007ff674780000 - 0x00007ff6747b7000 	C:\Program Files\Java\jdk1.8.0_221\bin\java.exe
0x00007ff93cd50000 - 0x00007ff93cf3d000 	C:\Windows\SYSTEM32\ntdll.dll
0x00007ff91e4e0000 - 0x00007ff91e4f4000 	C:\Program Files\AVG\Antivirus\aswhook.dll
0x00007ff93cc60000 - 0x00007ff93cd13000 	C:\Windows\System32\KERNEL32.DLL
0x00007ff939780000 - 0x00007ff939a13000 	C:\Windows\System32\KERNELBASE.dll
0x00007ff93c880000 - 0x00007ff93c923000 	C:\Windows\System32\ADVAPI32.dll
0x00007ff93c930000 - 0x00007ff93c9ce000 	C:\Windows\System32\msvcrt.dll
0x00007ff93c730000 - 0x00007ff93c7ce000 	C:\Windows\System32\sechost.dll
0x00007ff93aca0000 - 0x00007ff93adc2000 	C:\Windows\System32\RPCRT4.dll
0x00007ff93a640000 - 0x00007ff93a7d7000 	C:\Windows\System32\USER32.dll
0x00007ff939f50000 - 0x00007ff939f70000 	C:\Windows\System32\win32u.dll
0x00007ff93ca80000 - 0x00007ff93caa9000 	C:\Windows\System32\GDI32.dll
0x00007ff9395e0000 - 0x00007ff939779000 	C:\Windows\System32\gdi32full.dll
0x00007ff939c50000 - 0x00007ff939cf0000 	C:\Windows\System32\msvcp_win.dll
0x00007ff939dd0000 - 0x00007ff939eca000 	C:\Windows\System32\ucrtbase.dll
0x00007ff9293e0000 - 0x00007ff929659000 	C:\Windows\WinSxS\amd64_microsoft.windows.common-controls_6595b64144ccf1df_6.0.17763.802_none_05b1445c0722d2cc\COMCTL32.dll
0x00007ff93add0000 - 0x00007ff93b0fc000 	C:\Windows\System32\combase.dll
0x00007ff939ed0000 - 0x00007ff939f4e000 	C:\Windows\System32\bcryptPrimitives.dll
0x00007ff93a110000 - 0x00007ff93a13e000 	C:\Windows\System32\IMM32.DLL
0x000000006ebf0000 - 0x000000006ecc2000 	C:\Program Files\Java\jdk1.8.0_221\jre\bin\msvcr100.dll
0x000000006ecd0000 - 0x000000006f575000 	C:\Program Files\Java\jdk1.8.0_221\jre\bin\server\jvm.dll
0x00007ff939f70000 - 0x00007ff939f78000 	C:\Windows\System32\PSAPI.DLL
0x00007ff928770000 - 0x00007ff928779000 	C:\Windows\SYSTEM32\WSOCK32.dll
0x00007ff93aaf0000 - 0x00007ff93ab5d000 	C:\Windows\System32\WS2_32.dll
0x00007ff935f60000 - 0x00007ff935f84000 	C:\Windows\SYSTEM32\WINMM.dll
0x00007ff933680000 - 0x00007ff93368a000 	C:\Windows\SYSTEM32\VERSION.dll
0x00007ff935d60000 - 0x00007ff935d8d000 	C:\Windows\SYSTEM32\WINMMBASE.dll
0x00007ff939c00000 - 0x00007ff939c4a000 	C:\Windows\System32\cfgmgr32.dll
0x00007ff937830000 - 0x00007ff93783f000 	C:\Program Files\Java\jdk1.8.0_221\jre\bin\verify.dll
0x00007ff934c10000 - 0x00007ff934c39000 	C:\Program Files\Java\jdk1.8.0_221\jre\bin\java.dll
0x00007ff934bf0000 - 0x00007ff934c06000 	C:\Program Files\Java\jdk1.8.0_221\jre\bin\zip.dll

VM Arguments:
jvm_args: -Dclassworlds.conf=C:\Program Files\NetBeans 8.0.2\java\maven\bin\m2.conf -Dmaven.home=C:\Program Files\NetBeans 8.0.2\java\maven 
java_command: org.codehaus.plexus.classworlds.launcher.Launcher -Dmaven.ext.class.path=C:\Program Files\NetBeans 8.0.2\java\maven-nblib\netbeans-eventspy.jar -Dfile.encoding=UTF-8 clean install
java_class_path (initial): C:\Program Files\NetBeans 8.0.2\java\maven\boot\plexus-classworlds-2.4.jar
Launcher Type: SUN_STANDARD

Environment Variables:
JAVA_HOME=C:\Program Files\Java\jdk1.8.0_221
CLASSPATH=C:\Program Files\Java\jdk1.8.0_221\jre
PATH=C:\Program Files (x86)\Common Files\Oracle\Java\javapath;C:\Windows\system32;C:\Windows;C:\Windows\System32\Wbem;C:\Windows\System32\WindowsPowerShell\v1.0\;C:\Windows\System32\OpenSSH\;C:\Program Files\nodejs\;C:\Program Files\dotnet\;C:\Program Files\Microsoft SQL Server\130\Tools\Binn\;C:\Program Files\Microsoft SQL Server\Client SDK\ODBC\170\Tools\Binn\;C:\Program Files\Git\cmd;C:\Program Files\Git\mingw64\bin;C:\Program Files\Git\usr\bin;C:\apache-maven-3.6.1\bin;C:\Program Files\Java\jdk1.8.0_221\bin;"C:\Program Files\Java\jre6\bin;F:\JDK\bin;";C:\Users\Andresiero\AppData\Local\Microsoft\WindowsApps;C:\Users\Andresiero\AppData\Roaming\npm;C:\Users\Andresiero\AppData\Local\Programs\Microsoft VS Code\bin;C:\Users\Andresiero\.dotnet\tools
USERNAME=Andresiero
OS=Windows_NT
PROCESSOR_IDENTIFIER=Intel64 Family 6 Model 158 Stepping 10, GenuineIntel



---------------  S Y S T E M  ---------------

OS: Windows 10.0 , 64 bit Build 17763 (10.0.17763.475)

CPU:total 12 (initial active 12) (6 cores per cpu, 2 threads per core) family 6 model 158 stepping 10, cmov, cx8, fxsr, mmx, sse, sse2, sse3, ssse3, sse4.1, sse4.2, popcnt, avx, avx2, aes, clmul, erms, rtm, 3dnowpref, lzcnt, ht, tsc, tscinvbit, bmi1, bmi2, adx

Memory: 4k page, physical 8321804k(1268368k free), swap 33487628k(5616k free)

vm_info: Java HotSpot(TM) 64-Bit Server VM (25.221-b11) for windows-amd64 JRE (1.8.0_221-b11), built on Jul  4 2019 04:39:29 by "java_re" with MS VC++ 10.0 (VS2010)

time: Fri Oct 25 21:09:57 2019
timezone: Hora verano Sudamérica Pacífico
elapsed time: 0 seconds (0d 0h 0m 0s)

