#
# There is insufficient memory for the Java Runtime Environment to continue.
# Native memory allocation (malloc) failed to allocate 1903904 bytes for Chunk::new
# Possible reasons:
#   The system is out of physical RAM or swap space
#   The process is running with CompressedOops enabled, and the Java Heap may be blocking the growth of the native heap
# Possible solutions:
#   Reduce memory load on the system
#   Increase physical memory or swap space
#   Check if swap backing store is full
#   Decrease Java heap size (-Xmx/-Xms)
#   Decrease number of Java threads
#   Decrease Java thread stack sizes (-Xss)
#   Set larger code cache with -XX:ReservedCodeCacheSize=
#   JVM is running with Unscaled Compressed Oops mode in which the Java heap is
#     placed in the first 4GB address space. The Java Heap base address is the
#     maximum limit for the native heap growth. Please use -XX:HeapBaseMinAddress
#     to set the Java Heap base and to place the Java Heap above 4GB virtual address.
# This output file may be truncated or incomplete.
#
#  Out of Memory Error (allocation.cpp:389), pid=11404, tid=0x0000000000002e7c
#
# JRE version: Java(TM) SE Runtime Environment (8.0_221-b11) (build 1.8.0_221-b11)
# Java VM: Java HotSpot(TM) 64-Bit Server VM (25.221-b11 mixed mode windows-amd64 compressed oops)
# Failed to write core dump. Minidumps are not enabled by default on client versions of Windows
#

---------------  T H R E A D  ---------------

Current thread (0x0000000018be1800):  JavaThread "C2 CompilerThread0" daemon [_thread_in_native, id=11900, stack(0x000000001a250000,0x000000001a350000)]

Stack: [0x000000001a250000,0x000000001a350000]
[error occurred during error reporting (printing stack bounds), id 0xc0000005]

Native frames: (J=compiled Java code, j=interpreted, Vv=VM code, C=native code)


Current CompileTask:
C2:  25242 4495       4       java.net.URLClassLoader$1::run (5 bytes)


---------------  P R O C E S S  ---------------

Java Threads: ( => current thread )
  0x000000001b153000 JavaThread "HikariPool-1 connection adder" daemon [_thread_in_native, id=10356, stack(0x0000000020990000,0x0000000020a90000)]
  0x000000001b331000 JavaThread "HikariPool-1 housekeeper" daemon [_thread_blocked, id=12432, stack(0x0000000020890000,0x0000000020990000)]
  0x000000001b135000 JavaThread "oracle.jdbc.driver.BlockSource.ThreadedCachingBlockSource.BlockReleaser" daemon [_thread_blocked, id=12936, stack(0x0000000020390000,0x0000000020490000)]
  0x000000001b91f000 JavaThread "container-0" [_thread_blocked, id=13072, stack(0x000000001fe90000,0x000000001ff90000)]
  0x000000001c0ab800 JavaThread "Catalina-utility-2" [_thread_blocked, id=6064, stack(0x000000001fd90000,0x000000001fe90000)]
  0x000000001ba55000 JavaThread "Catalina-utility-1" [_thread_blocked, id=13304, stack(0x000000001fc90000,0x000000001fd90000)]
  0x0000000018c91800 JavaThread "Service Thread" daemon [_thread_blocked, id=5032, stack(0x000000001a650000,0x000000001a750000)]
  0x0000000018bf3800 JavaThread "C1 CompilerThread3" daemon [_thread_blocked, id=2448, stack(0x000000001a550000,0x000000001a650000)]
  0x0000000018bec800 JavaThread "C2 CompilerThread2" daemon [_thread_blocked, id=14040, stack(0x000000001a450000,0x000000001a550000)]
  0x0000000018be5800 JavaThread "C2 CompilerThread1" daemon [_thread_blocked, id=11524, stack(0x000000001a350000,0x000000001a450000)]
=>0x0000000018be1800 JavaThread "C2 CompilerThread0" daemon [_thread_in_native, id=11900, stack(0x000000001a250000,0x000000001a350000)]
  0x0000000018be0000 JavaThread "Attach Listener" daemon [_thread_blocked, id=8960, stack(0x000000001a150000,0x000000001a250000)]
  0x0000000018bdf800 JavaThread "Signal Dispatcher" daemon [_thread_blocked, id=13956, stack(0x000000001a050000,0x000000001a150000)]
  0x0000000017507800 JavaThread "Finalizer" daemon [_thread_blocked, id=8816, stack(0x0000000019e30000,0x0000000019f30000)]
  0x00000000174fd800 JavaThread "Reference Handler" daemon [_thread_blocked, id=12996, stack(0x0000000019d30000,0x0000000019e30000)]
  0x0000000002226000 JavaThread "main" [_thread_in_vm, id=14056, stack(0x0000000002120000,0x0000000002220000)]

Other Threads:
  0x000000000231c000 VMThread [stack: 0x0000000019c30000,0x0000000019d30000] [id=12072]
  0x0000000018c13800 WatcherThread [stack: 0x000000001a8b0000,0x000000001a9b0000] [id=12700]

VM state:not at safepoint (normal execution)

VM Mutex/Monitor currently owned by a thread: None

heap address: 0x0000000081000000, size: 2032 MB, Compressed Oops mode: 32-bit
Narrow klass base: 0x0000000000000000, Narrow klass shift: 3
Compressed class space size: 1073741824 Address: 0x0000000100000000

Heap:
 PSYoungGen      total 178176K, used 33042K [0x00000000d5b00000, 0x00000000e2480000, 0x0000000100000000)
  eden space 166400K, 12% used [0x00000000d5b00000,0x00000000d6fcc0c0,0x00000000dfd80000)
  from space 11776K, 99% used [0x00000000e1900000,0x00000000e2478a88,0x00000000e2480000)
  to   space 14336K, 0% used [0x00000000e0880000,0x00000000e0880000,0x00000000e1680000)
 ParOldGen       total 64512K, used 17992K [0x0000000081000000, 0x0000000084f00000, 0x00000000d5b00000)
  object space 64512K, 27% used [0x0000000081000000,0x0000000082192128,0x0000000084f00000)
 Metaspace       used 50303K, capacity 51964K, committed 52400K, reserved 1095680K
  class space    used 6726K, capacity 7044K, committed 7088K, reserved 1048576K

Card table byte_map: [0x00000000116e0000,0x0000000011ae0000] byte_map_base: 0x00000000112d8000

Marking Bits: (ParMarkBitMap*) 0x000000006f4f5ce0
 Begin Bits: [0x0000000012790000, 0x0000000014750000)
 End Bits:   [0x0000000014750000, 0x0000000016710000)

Polling page: 0x0000000000570000

CodeCache: size=245760Kb used=13692Kb max_used=13692Kb free=232067Kb
 bounds [0x0000000002320000, 0x0000000003090000, 0x0000000011320000]
 total_blobs=4473 nmethods=3946 adapters=439
 compilation: enabled

Compilation events (10 events):
Event: 25.125 Thread 0x0000000018bf3800 4503       3       java.lang.reflect.Field::acquireFieldAccessor (59 bytes)
Event: 25.125 Thread 0x0000000018bf3800 nmethod 4503 0x000000000308a390 code [0x000000000308a560, 0x000000000308aca8]
Event: 25.128 Thread 0x0000000018bf3800 4504       3       java.util.concurrent.atomic.AtomicLong::get (5 bytes)
Event: 25.128 Thread 0x0000000018bf3800 nmethod 4504 0x000000000308afd0 code [0x000000000308b120, 0x000000000308b270]
Event: 25.128 Thread 0x0000000018bf3800 4505       3       java.util.concurrent.atomic.AtomicLong::compareAndSet (13 bytes)
Event: 25.128 Thread 0x0000000018bf3800 nmethod 4505 0x000000000308b2d0 code [0x000000000308b420, 0x000000000308b590]
Event: 25.128 Thread 0x0000000018bf3800 4506       3       sun.security.provider.SHA::implDigest (96 bytes)
Event: 25.128 Thread 0x0000000018bf3800 nmethod 4506 0x000000000308b610 code [0x000000000308b7c0, 0x000000000308bbe8]
Event: 25.128 Thread 0x0000000018bf3800 4507       3       oracle.jdbc.driver.T4CMAREngineStream::marshalB1Array (16 bytes)
Event: 25.128 Thread 0x0000000018bf3800 nmethod 4507 0x000000000308bd50 code [0x000000000308bec0, 0x000000000308c128]

GC Heap History (10 events):
Event: 10.549 GC heap before
{Heap before GC invocations=8 (full 1):
 PSYoungGen      total 70656K, used 68364K [0x00000000d5b00000, 0x00000000dab80000, 0x0000000100000000)
  eden space 64000K, 100% used [0x00000000d5b00000,0x00000000d9980000,0x00000000d9980000)
  from space 6656K, 65% used [0x00000000da500000,0x00000000da943180,0x00000000dab80000)
  to   space 9216K, 0% used [0x00000000d9980000,0x00000000d9980000,0x00000000da280000)
 ParOldGen       total 45056K, used 5417K [0x0000000081000000, 0x0000000083c00000, 0x00000000d5b00000)
  object space 45056K, 12% used [0x0000000081000000,0x000000008154a408,0x0000000083c00000)
 Metaspace       used 28939K, capacity 30050K, committed 30128K, reserved 1075200K
  class space    used 3746K, capacity 3995K, committed 4016K, reserved 1048576K
Event: 10.555 GC heap after
Heap after GC invocations=8 (full 1):
 PSYoungGen      total 73216K, used 9213K [0x00000000d5b00000, 0x00000000de700000, 0x0000000100000000)
  eden space 64000K, 0% used [0x00000000d5b00000,0x00000000d5b00000,0x00000000d9980000)
  from space 9216K, 99% used [0x00000000d9980000,0x00000000da27f4d8,0x00000000da280000)
  to   space 10752K, 0% used [0x00000000ddc80000,0x00000000ddc80000,0x00000000de700000)
 ParOldGen       total 45056K, used 5781K [0x0000000081000000, 0x0000000083c00000, 0x00000000d5b00000)
  object space 45056K, 12% used [0x0000000081000000,0x00000000815a5608,0x0000000083c00000)
 Metaspace       used 28939K, capacity 30050K, committed 30128K, reserved 1075200K
  class space    used 3746K, capacity 3995K, committed 4016K, reserved 1048576K
}
Event: 12.450 GC heap before
{Heap before GC invocations=9 (full 1):
 PSYoungGen      total 73216K, used 73164K [0x00000000d5b00000, 0x00000000de700000, 0x0000000100000000)
  eden space 64000K, 99% used [0x00000000d5b00000,0x00000000d9973d48,0x00000000d9980000)
  from space 9216K, 99% used [0x00000000d9980000,0x00000000da27f4d8,0x00000000da280000)
  to   space 10752K, 0% used [0x00000000ddc80000,0x00000000ddc80000,0x00000000de700000)
 ParOldGen       total 45056K, used 5781K [0x0000000081000000, 0x0000000083c00000, 0x00000000d5b00000)
  object space 45056K, 12% used [0x0000000081000000,0x00000000815a5608,0x0000000083c00000)
 Metaspace       used 32554K, capacity 34116K, committed 34224K, reserved 1079296K
  class space    used 4197K, capacity 4504K, committed 4528K, reserved 1048576K
Event: 12.456 GC heap after
Heap after GC invocations=9 (full 1):
 PSYoungGen      total 131072K, used 10308K [0x00000000d5b00000, 0x00000000de780000, 0x0000000100000000)
  eden space 120320K, 0% used [0x00000000d5b00000,0x00000000d5b00000,0x00000000dd080000)
  from space 10752K, 95% used [0x00000000ddc80000,0x00000000de691338,0x00000000de700000)
  to   space 11776K, 0% used [0x00000000dd080000,0x00000000dd080000,0x00000000ddc00000)
 ParOldGen       total 45056K, used 5789K [0x0000000081000000, 0x0000000083c00000, 0x00000000d5b00000)
  object space 45056K, 12% used [0x0000000081000000,0x00000000815a7608,0x0000000083c00000)
 Metaspace       used 32554K, capacity 34116K, committed 34224K, reserved 1079296K
  class space    used 4197K, capacity 4504K, committed 4528K, reserved 1048576K
}
Event: 13.096 GC heap before
{Heap before GC invocations=10 (full 1):
 PSYoungGen      total 131072K, used 27699K [0x00000000d5b00000, 0x00000000de780000, 0x0000000100000000)
  eden space 120320K, 14% used [0x00000000d5b00000,0x00000000d6bfbcb0,0x00000000dd080000)
  from space 10752K, 95% used [0x00000000ddc80000,0x00000000de691338,0x00000000de700000)
  to   space 11776K, 0% used [0x00000000dd080000,0x00000000dd080000,0x00000000ddc00000)
 ParOldGen       total 45056K, used 5789K [0x0000000081000000, 0x0000000083c00000, 0x00000000d5b00000)
  object space 45056K, 12% used [0x0000000081000000,0x00000000815a7608,0x0000000083c00000)
 Metaspace       used 33871K, capacity 35388K, committed 35496K, reserved 1081344K
  class space    used 4349K, capacity 4648K, committed 4656K, reserved 1048576K
Event: 13.102 GC heap after
Heap after GC invocations=10 (full 1):
 PSYoungGen      total 132096K, used 7747K [0x00000000d5b00000, 0x00000000e2480000, 0x0000000100000000)
  eden space 120320K, 0% used [0x00000000d5b00000,0x00000000d5b00000,0x00000000dd080000)
  from space 11776K, 65% used [0x00000000dd080000,0x00000000dd810f10,0x00000000ddc00000)
  to   space 11776K, 0% used [0x00000000e1900000,0x00000000e1900000,0x00000000e2480000)
 ParOldGen       total 45056K, used 8125K [0x0000000081000000, 0x0000000083c00000, 0x00000000d5b00000)
  object space 45056K, 18% used [0x0000000081000000,0x00000000817ef628,0x0000000083c00000)
 Metaspace       used 33871K, capacity 35388K, committed 35496K, reserved 1081344K
  class space    used 4349K, capacity 4648K, committed 4656K, reserved 1048576K
}
Event: 13.102 GC heap before
{Heap before GC invocations=11 (full 2):
 PSYoungGen      total 132096K, used 7747K [0x00000000d5b00000, 0x00000000e2480000, 0x0000000100000000)
  eden space 120320K, 0% used [0x00000000d5b00000,0x00000000d5b00000,0x00000000dd080000)
  from space 11776K, 65% used [0x00000000dd080000,0x00000000dd810f10,0x00000000ddc00000)
  to   space 11776K, 0% used [0x00000000e1900000,0x00000000e1900000,0x00000000e2480000)
 ParOldGen       total 45056K, used 8125K [0x0000000081000000, 0x0000000083c00000, 0x00000000d5b00000)
  object space 45056K, 18% used [0x0000000081000000,0x00000000817ef628,0x0000000083c00000)
 Metaspace       used 33871K, capacity 35388K, committed 35496K, reserved 1081344K
  class space    used 4349K, capacity 4648K, committed 4656K, reserved 1048576K
Event: 13.174 GC heap after
Heap after GC invocations=11 (full 2):
 PSYoungGen      total 132096K, used 0K [0x00000000d5b00000, 0x00000000e2480000, 0x0000000100000000)
  eden space 120320K, 0% used [0x00000000d5b00000,0x00000000d5b00000,0x00000000dd080000)
  from space 11776K, 0% used [0x00000000dd080000,0x00000000dd080000,0x00000000ddc00000)
  to   space 11776K, 0% used [0x00000000e1900000,0x00000000e1900000,0x00000000e2480000)
 ParOldGen       total 64512K, used 14539K [0x0000000081000000, 0x0000000084f00000, 0x00000000d5b00000)
  object space 64512K, 22% used [0x0000000081000000,0x0000000081e32e80,0x0000000084f00000)
 Metaspace       used 33871K, capacity 35388K, committed 35496K, reserved 1081344K
  class space    used 4349K, capacity 4648K, committed 4656K, reserved 1048576K
}
Event: 24.621 GC heap before
{Heap before GC invocations=12 (full 2):
 PSYoungGen      total 132096K, used 120320K [0x00000000d5b00000, 0x00000000e2480000, 0x0000000100000000)
  eden space 120320K, 100% used [0x00000000d5b00000,0x00000000dd080000,0x00000000dd080000)
  from space 11776K, 0% used [0x00000000dd080000,0x00000000dd080000,0x00000000ddc00000)
  to   space 11776K, 0% used [0x00000000e1900000,0x00000000e1900000,0x00000000e2480000)
 ParOldGen       total 64512K, used 14539K [0x0000000081000000, 0x0000000084f00000, 0x00000000d5b00000)
  object space 64512K, 22% used [0x0000000081000000,0x0000000081e32e80,0x0000000084f00000)
 Metaspace       used 48778K, capacity 50484K, committed 50992K, reserved 1093632K
  class space    used 6509K, capacity 6840K, committed 6960K, reserved 1048576K
Event: 24.632 GC heap after
Heap after GC invocations=12 (full 2):
 PSYoungGen      total 178176K, used 11746K [0x00000000d5b00000, 0x00000000e2480000, 0x0000000100000000)
  eden space 166400K, 0% used [0x00000000d5b00000,0x00000000d5b00000,0x00000000dfd80000)
  from space 11776K, 99% used [0x00000000e1900000,0x00000000e2478a88,0x00000000e2480000)
  to   space 14336K, 0% used [0x00000000e0880000,0x00000000e0880000,0x00000000e1680000)
 ParOldGen       total 64512K, used 17992K [0x0000000081000000, 0x0000000084f00000, 0x00000000d5b00000)
  object space 64512K, 27% used [0x0000000081000000,0x0000000082192128,0x0000000084f00000)
 Metaspace       used 48778K, capacity 50484K, committed 50992K, reserved 1093632K
  class space    used 6509K, capacity 6840K, committed 6960K, reserved 1048576K
}

Deoptimization events (10 events):
Event: 22.816 Thread 0x0000000002226000 Uncommon trap: reason=unstable_if action=reinterpret pc=0x0000000002896ffc method=oracle.jdbc.driver.T4CSocketInputStreamWrapper.readLongMSB(I)J @ 10
Event: 22.818 Thread 0x0000000002226000 Uncommon trap: reason=unstable_if action=reinterpret pc=0x0000000002f54470 method=oracle.jdbc.driver.T4CSocketInputStreamWrapper.readLongMSB(I)J @ 10
Event: 23.336 Thread 0x0000000002226000 Uncommon trap: reason=unstable_if action=reinterpret pc=0x0000000002a42110 method=java.lang.String$CaseInsensitiveComparator.compare(Ljava/lang/String;Ljava/lang/String;)I @ 70
Event: 24.210 Thread 0x0000000002226000 Uncommon trap: reason=unstable_if action=reinterpret pc=0x000000000291420c method=java.lang.String.valueOf(Ljava/lang/Object;)Ljava/lang/String; @ 1
Event: 24.762 Thread 0x0000000002226000 Uncommon trap: reason=null_check action=make_not_entrant pc=0x0000000002d73aac method=java.lang.Class.createAnnotationData(I)Ljava/lang/Class$AnnotationData; @ 14
Event: 24.763 Thread 0x0000000002226000 Uncommon trap: reason=predicate action=maybe_recompile pc=0x0000000003023e38 method=java.util.AbstractCollection.toArray([Ljava/lang/Object;)[Ljava/lang/Object; @ 49
Event: 24.791 Thread 0x0000000002226000 Uncommon trap: reason=array_check action=maybe_recompile pc=0x000000000306416c method=java.util.AbstractCollection.toArray([Ljava/lang/Object;)[Ljava/lang/Object; @ 119
Event: 24.791 Thread 0x0000000002226000 Uncommon trap: reason=array_check action=maybe_recompile pc=0x000000000306416c method=java.util.AbstractCollection.toArray([Ljava/lang/Object;)[Ljava/lang/Object; @ 119
Event: 24.791 Thread 0x0000000002226000 Uncommon trap: reason=array_check action=maybe_recompile pc=0x000000000306416c method=java.util.AbstractCollection.toArray([Ljava/lang/Object;)[Ljava/lang/Object; @ 119
Event: 24.792 Thread 0x0000000002226000 Uncommon trap: reason=array_check action=maybe_recompile pc=0x000000000306416c method=java.util.AbstractCollection.toArray([Ljava/lang/Object;)[Ljava/lang/Object; @ 119

Classes redefined (0 events):
No events

Internal exceptions (10 events):
Event: 13.180 Thread 0x0000000002226000 Exception <a 'java/lang/NullPointerException'> (0x00000000d5b3a900) thrown at [C:\re\workspace\8-2-build-windows-amd64-cygwin\jdk8u221\13320\hotspot\src\share\vm\runtime\sharedRuntime.cpp, line 605]
Event: 13.180 Thread 0x0000000002226000 Implicit null exception at 0x0000000002dae8cd to 0x0000000002daee3c
Event: 13.180 Thread 0x0000000002226000 Exception <a 'java/lang/NullPointerException'> (0x00000000d5b3b6b8) thrown at [C:\re\workspace\8-2-build-windows-amd64-cygwin\jdk8u221\13320\hotspot\src\share\vm\runtime\sharedRuntime.cpp, line 605]
Event: 13.180 Thread 0x0000000002226000 Implicit null exception at 0x0000000002dae8cd to 0x0000000002daee3c
Event: 13.180 Thread 0x0000000002226000 Exception <a 'java/lang/NullPointerException'> (0x00000000d5b3ca30) thrown at [C:\re\workspace\8-2-build-windows-amd64-cygwin\jdk8u221\13320\hotspot\src\share\vm\runtime\sharedRuntime.cpp, line 605]
Event: 13.180 Thread 0x0000000002226000 Implicit null exception at 0x0000000002dae8cd to 0x0000000002daee3c
Event: 13.180 Thread 0x0000000002226000 Exception <a 'java/lang/NullPointerException'> (0x00000000d5b3d780) thrown at [C:\re\workspace\8-2-build-windows-amd64-cygwin\jdk8u221\13320\hotspot\src\share\vm\runtime\sharedRuntime.cpp, line 605]
Event: 13.187 Thread 0x0000000002226000 Implicit null exception at 0x0000000002e93d81 to 0x0000000002e994c9
Event: 22.609 Thread 0x0000000002226000 Implicit null exception at 0x0000000002eaed8f to 0x0000000002eaedfd
Event: 24.210 Thread 0x0000000002226000 Implicit null exception at 0x0000000002913df1 to 0x00000000029141f5

Events (10 events):
Event: 25.152 loading class org/hibernate/action/internal/AbstractEntityInsertAction
Event: 25.152 loading class org/hibernate/action/internal/AbstractEntityInsertAction done
Event: 25.162 loading class org/hibernate/action/internal/EntityAction
Event: 25.162 loading class org/hibernate/action/internal/EntityAction done
Event: 25.162 loading class org/hibernate/action/spi/Executable
Event: 25.162 loading class org/hibernate/action/spi/Executable done
Event: 25.162 loading class org/hibernate/action/spi/AfterTransactionCompletionProcess
Event: 25.162 loading class org/hibernate/action/spi/AfterTransactionCompletionProcess done
Event: 25.162 loading class org/hibernate/action/internal/EntityIdentityInsertAction
Event: 25.162 loading class org/hibernate/action/internal/EntityIdentityInsertAction done


Dynamic libraries:
0x00007ff743d20000 - 0x00007ff743d57000 	C:\Program Files\Java\jdk1.8.0_221\bin\java.exe
0x00007ff93cd50000 - 0x00007ff93cf3d000 	C:\Windows\SYSTEM32\ntdll.dll
0x00007ff91e4e0000 - 0x00007ff91e4f4000 	C:\Program Files\AVG\Antivirus\aswhook.dll
0x00007ff93cc60000 - 0x00007ff93cd13000 	C:\Windows\System32\KERNEL32.DLL
0x00007ff939780000 - 0x00007ff939a13000 	C:\Windows\System32\KERNELBASE.dll
0x00007ff93c880000 - 0x00007ff93c923000 	C:\Windows\System32\ADVAPI32.dll
0x00007ff93c930000 - 0x00007ff93c9ce000 	C:\Windows\System32\msvcrt.dll
0x00007ff93c730000 - 0x00007ff93c7ce000 	C:\Windows\System32\sechost.dll
0x00007ff93aca0000 - 0x00007ff93adc2000 	C:\Windows\System32\RPCRT4.dll
0x00007ff93a640000 - 0x00007ff93a7d7000 	C:\Windows\System32\USER32.dll
0x00007ff939f50000 - 0x00007ff939f70000 	C:\Windows\System32\win32u.dll
0x00007ff93ca80000 - 0x00007ff93caa9000 	C:\Windows\System32\GDI32.dll
0x00007ff9395e0000 - 0x00007ff939779000 	C:\Windows\System32\gdi32full.dll
0x00007ff939c50000 - 0x00007ff939cf0000 	C:\Windows\System32\msvcp_win.dll
0x00007ff939dd0000 - 0x00007ff939eca000 	C:\Windows\System32\ucrtbase.dll
0x00007ff9293e0000 - 0x00007ff929659000 	C:\Windows\WinSxS\amd64_microsoft.windows.common-controls_6595b64144ccf1df_6.0.17763.802_none_05b1445c0722d2cc\COMCTL32.dll
0x00007ff93add0000 - 0x00007ff93b0fc000 	C:\Windows\System32\combase.dll
0x00007ff939ed0000 - 0x00007ff939f4e000 	C:\Windows\System32\bcryptPrimitives.dll
0x00007ff93a110000 - 0x00007ff93a13e000 	C:\Windows\System32\IMM32.DLL
0x000000006ebf0000 - 0x000000006ecc2000 	C:\Program Files\Java\jdk1.8.0_221\jre\bin\msvcr100.dll
0x000000006ecd0000 - 0x000000006f575000 	C:\Program Files\Java\jdk1.8.0_221\jre\bin\server\jvm.dll
0x00007ff939f70000 - 0x00007ff939f78000 	C:\Windows\System32\PSAPI.DLL
0x00007ff928770000 - 0x00007ff928779000 	C:\Windows\SYSTEM32\WSOCK32.dll
0x00007ff93aaf0000 - 0x00007ff93ab5d000 	C:\Windows\System32\WS2_32.dll
0x00007ff935f60000 - 0x00007ff935f84000 	C:\Windows\SYSTEM32\WINMM.dll
0x00007ff933680000 - 0x00007ff93368a000 	C:\Windows\SYSTEM32\VERSION.dll
0x00007ff935d60000 - 0x00007ff935d8d000 	C:\Windows\SYSTEM32\WINMMBASE.dll
0x00007ff939c00000 - 0x00007ff939c4a000 	C:\Windows\System32\cfgmgr32.dll
0x00007ff937380000 - 0x00007ff93738f000 	C:\Program Files\Java\jdk1.8.0_221\jre\bin\verify.dll
0x00007ff9101e0000 - 0x00007ff910209000 	C:\Program Files\Java\jdk1.8.0_221\jre\bin\java.dll
0x00007ff936f10000 - 0x00007ff936f26000 	C:\Program Files\Java\jdk1.8.0_221\jre\bin\zip.dll
0x00007ff93b100000 - 0x00007ff93c5f4000 	C:\Windows\System32\SHELL32.dll
0x00007ff93c9d0000 - 0x00007ff93ca78000 	C:\Windows\System32\shcore.dll
0x00007ff938e70000 - 0x00007ff9395bd000 	C:\Windows\System32\windows.storage.dll
0x00007ff938dc0000 - 0x00007ff938de4000 	C:\Windows\System32\profapi.dll
0x00007ff938d60000 - 0x00007ff938dbd000 	C:\Windows\System32\powrprof.dll
0x00007ff93ab80000 - 0x00007ff93abd2000 	C:\Windows\System32\shlwapi.dll
0x00007ff938d40000 - 0x00007ff938d51000 	C:\Windows\System32\kernel.appcore.dll
0x00007ff9395c0000 - 0x00007ff9395d7000 	C:\Windows\System32\cryptsp.dll
0x00007ff9373f0000 - 0x00007ff9373fd000 	C:\Program Files\Java\jdk1.8.0_221\jre\bin\management.dll
0x00007ff918ef0000 - 0x00007ff918f0a000 	C:\Program Files\Java\jdk1.8.0_221\jre\bin\net.dll
0x00007ff924760000 - 0x00007ff924937000 	C:\Windows\SYSTEM32\urlmon.dll
0x00007ff9244b0000 - 0x00007ff924758000 	C:\Windows\SYSTEM32\iertutil.dll
0x00007ff9383a0000 - 0x00007ff9383ac000 	C:\Windows\SYSTEM32\CRYPTBASE.DLL
0x00007ff9381d0000 - 0x00007ff938237000 	C:\Windows\system32\mswsock.dll
0x00007ff91cca0000 - 0x00007ff91ccb6000 	C:\Windows\system32\napinsp.dll
0x00007ff91b0d0000 - 0x00007ff91b0ea000 	C:\Windows\system32\pnrpnsp.dll
0x00007ff937f30000 - 0x00007ff937ff6000 	C:\Windows\SYSTEM32\DNSAPI.dll
0x00007ff93ab60000 - 0x00007ff93ab68000 	C:\Windows\System32\NSI.dll
0x00007ff937ef0000 - 0x00007ff937f2d000 	C:\Windows\SYSTEM32\IPHLPAPI.DLL
0x00007ff91ee30000 - 0x00007ff91ee3e000 	C:\Windows\System32\winrnr.dll
0x00007ff934bc0000 - 0x00007ff934bdb000 	C:\Windows\system32\NLAapi.dll
0x00007ff91b0b0000 - 0x00007ff91b0c5000 	C:\Windows\system32\wshbth.dll
0x00007ff929710000 - 0x00007ff92971a000 	C:\Windows\System32\rasadhlp.dll
0x00007ff929d30000 - 0x00007ff929da9000 	C:\Windows\System32\fwpuclnt.dll
0x00007ff939da0000 - 0x00007ff939dc6000 	C:\Windows\System32\bcrypt.dll
0x00007ff9102d0000 - 0x00007ff9102e2000 	C:\Program Files\Java\jdk1.8.0_221\jre\bin\nio.dll
0x00007ff937d50000 - 0x00007ff937d83000 	C:\Windows\system32\rsaenh.dll
0x00007ff938c70000 - 0x00007ff938c98000 	C:\Windows\SYSTEM32\USERENV.dll
0x00007ff930210000 - 0x00007ff930226000 	C:\Windows\SYSTEM32\dhcpcsvc6.DLL
0x00007ff9301f0000 - 0x00007ff93020c000 	C:\Windows\SYSTEM32\dhcpcsvc.DLL
0x00007ff937400000 - 0x00007ff937424000 	C:\Program Files\Java\jdk1.8.0_221\jre\bin\sunec.dll

VM Arguments:
java_command: com.restaurante.bacon.BaconApplication
java_class_path (initial): C:\Bacon\target\classes;C:\Users\Andresiero\.m2\repository\org\springframework\boot\spring-boot-starter-security\2.1.7.RELEASE\spring-boot-starter-security-2.1.7.RELEASE.jar;C:\Users\Andresiero\.m2\repository\org\springframework\boot\spring-boot-starter\2.1.7.RELEASE\spring-boot-starter-2.1.7.RELEASE.jar;C:\Users\Andresiero\.m2\repository\org\springframework\boot\spring-boot\2.1.7.RELEASE\spring-boot-2.1.7.RELEASE.jar;C:\Users\Andresiero\.m2\repository\org\springframework\boot\spring-boot-autoconfigure\2.1.7.RELEASE\spring-boot-autoconfigure-2.1.7.RELEASE.jar;C:\Users\Andresiero\.m2\repository\org\springframework\boot\spring-boot-starter-logging\2.1.7.RELEASE\spring-boot-starter-logging-2.1.7.RELEASE.jar;C:\Users\Andresiero\.m2\repository\ch\qos\logback\logback-classic\1.2.3\logback-classic-1.2.3.jar;C:\Users\Andresiero\.m2\repository\ch\qos\logback\logback-core\1.2.3\logback-core-1.2.3.jar;C:\Users\Andresiero\.m2\repository\org\apache\logging\log4j\log4j-to-slf4j\2.11.2\log4j-to-slf4j-2.11.2.jar;C:\Users\Andresiero\.m2\repository\org\apache\logging\log4j\log4j-api\2.11.2\log4j-api-2.11.2.jar;C:\Users\Andresiero\.m2\repository\org\slf4j\jul-to-slf4j\1.7.26\jul-to-slf4j-1.7.26.jar;C:\Users\Andresiero\.m2\repository\javax\annotation\javax.annotation-api\1.3.2\javax.annotation-api-1.3.2.jar;C:\Users\Andresiero\.m2\repository\org\yaml\snakeyaml\1.23\snakeyaml-1.23.jar;C:\Users\Andresiero\.m2\repository\org\springframework\spring-aop\5.1.9.RELEASE\spring-aop-5.1.9.RELEASE.jar;C:\Users\Andresiero\.m2\repository\org\springframework\spring-beans\5.1.9.RELEASE\spring-beans-5.1.9.RELEASE.jar;C:\Users\Andresiero\.m2\repository\org\springframework\security\spring-security-config\5.1.6.RELEASE\spring-security-config-5.1.6.RELEASE.jar;C:\Users\Andresiero\.m2\repository\org\springframework\spring-context\5.1.9.RELEASE\spring-context-5.1.9.RELEASE.jar;C:\Users\Andresiero\.m2\repository\org\springframework\security\spring-security-web\5.1.6.RELEASE\sprin
Launcher Type: SUN_STANDARD

Environment Variables:
JAVA_HOME=C:\Program Files\Java\jdk1.8.0_221
CLASSPATH=C:\Program Files\Java\jdk1.8.0_221\jre
PATH=C:\Program Files (x86)\Common Files\Oracle\Java\javapath;C:\Windows\system32;C:\Windows;C:\Windows\System32\Wbem;C:\Windows\System32\WindowsPowerShell\v1.0\;C:\Windows\System32\OpenSSH\;C:\Program Files\nodejs\;C:\Program Files\dotnet\;C:\Program Files\Microsoft SQL Server\130\Tools\Binn\;C:\Program Files\Microsoft SQL Server\Client SDK\ODBC\170\Tools\Binn\;C:\Program Files\Git\cmd;C:\Program Files\Git\mingw64\bin;C:\Program Files\Git\usr\bin;C:\apache-maven-3.6.1\bin;C:\Program Files\Java\jdk1.8.0_221\bin;"C:\Program Files\Java\jre6\bin;F:\JDK\bin;";C:\Users\Andresiero\AppData\Local\Microsoft\WindowsApps;C:\Users\Andresiero\AppData\Roaming\npm;C:\Users\Andresiero\AppData\Local\Programs\Microsoft VS Code\bin;C:\Users\Andresiero\.dotnet\tools
USERNAME=Andresiero
OS=Windows_NT
PROCESSOR_IDENTIFIER=Intel64 Family 6 Model 158 Stepping 10, GenuineIntel



---------------  S Y S T E M  ---------------

OS: Windows 10.0 , 64 bit Build 17763 (10.0.17763.475)

CPU:total 12 (initial active 12) (6 cores per cpu, 2 threads per core) family 6 model 158 stepping 10, cmov, cx8, fxsr, mmx, sse, sse2, sse3, ssse3, sse4.1, sse4.2, popcnt, avx, avx2, aes, clmul, erms, rtm, 3dnowpref, lzcnt, ht, tsc, tscinvbit, bmi1, bmi2, adx

Memory: 4k page, physical 8321804k(1072268k free), swap 33487628k(5108k free)

vm_info: Java HotSpot(TM) 64-Bit Server VM (25.221-b11) for windows-amd64 JRE (1.8.0_221-b11), built on Jul  4 2019 04:39:29 by "java_re" with MS VC++ 10.0 (VS2010)

time: Fri Oct 25 20:58:32 2019
timezone: Hora verano Sudamérica Pacífico
elapsed time: 25 seconds (0d 0h 0m 25s)

