#
# There is insufficient memory for the Java Runtime Environment to continue.
# Native memory allocation (malloc) failed to allocate 524016 bytes for Chunk::new
# Possible reasons:
#   The system is out of physical RAM or swap space
#   The process is running with CompressedOops enabled, and the Java Heap may be blocking the growth of the native heap
# Possible solutions:
#   Reduce memory load on the system
#   Increase physical memory or swap space
#   Check if swap backing store is full
#   Decrease Java heap size (-Xmx/-Xms)
#   Decrease number of Java threads
#   Decrease Java thread stack sizes (-Xss)
#   Set larger code cache with -XX:ReservedCodeCacheSize=
#   JVM is running with Unscaled Compressed Oops mode in which the Java heap is
#     placed in the first 4GB address space. The Java Heap base address is the
#     maximum limit for the native heap growth. Please use -XX:HeapBaseMinAddress
#     to set the Java Heap base and to place the Java Heap above 4GB virtual address.
# This output file may be truncated or incomplete.
#
#  Out of Memory Error (allocation.cpp:389), pid=12736, tid=0x0000000000002898
#
# JRE version: Java(TM) SE Runtime Environment (8.0_221-b11) (build 1.8.0_221-b11)
# Java VM: Java HotSpot(TM) 64-Bit Server VM (25.221-b11 mixed mode windows-amd64 compressed oops)
# Failed to write core dump. Minidumps are not enabled by default on client versions of Windows
#

---------------  T H R E A D  ---------------

Current thread (0x0000000019a17000):  JavaThread "C2 CompilerThread0" daemon [_thread_in_native, id=10392, stack(0x000000001b090000,0x000000001b190000)]

Stack: [0x000000001b090000,0x000000001b190000]
[error occurred during error reporting (printing stack bounds), id 0xc0000005]

Native frames: (J=compiled Java code, j=interpreted, Vv=VM code, C=native code)


Current CompileTask:
C2:    871 1501       4       java.io.WinNTFileSystem::normalize (143 bytes)


---------------  P R O C E S S  ---------------

Java Threads: ( => current thread )
  0x000000001c257800 JavaThread "background-preinit" [_thread_blocked, id=10488, stack(0x000000001cfc0000,0x000000001d0c0000)]
  0x0000000019aaf800 JavaThread "Service Thread" daemon [_thread_blocked, id=12356, stack(0x000000001b490000,0x000000001b590000)]
  0x0000000019a22000 JavaThread "C1 CompilerThread3" daemon [_thread_blocked, id=10532, stack(0x000000001b390000,0x000000001b490000)]
  0x0000000019a21800 JavaThread "C2 CompilerThread2" daemon [_thread_blocked, id=12608, stack(0x000000001b290000,0x000000001b390000)]
  0x0000000019a1c800 JavaThread "C2 CompilerThread1" daemon [_thread_blocked, id=11408, stack(0x000000001b190000,0x000000001b290000)]
=>0x0000000019a17000 JavaThread "C2 CompilerThread0" daemon [_thread_in_native, id=10392, stack(0x000000001b090000,0x000000001b190000)]
  0x0000000019a15000 JavaThread "Attach Listener" daemon [_thread_blocked, id=12396, stack(0x000000001af90000,0x000000001b090000)]
  0x0000000019a14000 JavaThread "Signal Dispatcher" daemon [_thread_blocked, id=8512, stack(0x000000001ae90000,0x000000001af90000)]
  0x0000000018333000 JavaThread "Finalizer" daemon [_thread_blocked, id=13432, stack(0x000000001ac70000,0x000000001ad70000)]
  0x0000000019a03000 JavaThread "Reference Handler" daemon [_thread_blocked, id=13648, stack(0x000000001ab70000,0x000000001ac70000)]
  0x0000000003056000 JavaThread "main" [_thread_blocked, id=1168, stack(0x0000000002f50000,0x0000000003050000)]

Other Threads:
  0x000000000314b800 VMThread [stack: 0x000000001aa70000,0x000000001ab70000] [id=8676]
  0x0000000019add000 WatcherThread [stack: 0x000000001b6f0000,0x000000001b7f0000] [id=9008]

VM state:at safepoint (normal execution)

VM Mutex/Monitor currently owned by a thread:  ([mutex/lock_event])
[0x00000000030525d0] Threads_lock - owner thread: 0x000000000314b800
[0x0000000003053050] Heap_lock - owner thread: 0x0000000003056000

heap address: 0x0000000081000000, size: 2032 MB, Compressed Oops mode: 32-bit
Narrow klass base: 0x0000000000000000, Narrow klass shift: 3
Compressed class space size: 1073741824 Address: 0x0000000100000000

Heap:
 PSYoungGen      total 71680K, used 5105K [0x00000000d5b00000, 0x00000000dee00000, 0x0000000100000000)
  eden space 66560K, 0% used [0x00000000d5b00000,0x00000000d5b00000,0x00000000d9c00000)
  from space 5120K, 99% used [0x00000000d9c00000,0x00000000da0fc560,0x00000000da100000)
  to   space 8704K, 0% used [0x00000000de580000,0x00000000de580000,0x00000000dee00000)
 ParOldGen       total 87552K, used 7198K [0x0000000081000000, 0x0000000086580000, 0x00000000d5b00000)
  object space 87552K, 8% used [0x0000000081000000,0x0000000081707888,0x0000000086580000)
 Metaspace       used 20692K, capacity 21214K, committed 21296K, reserved 1067008K
  class space    used 2670K, capacity 2821K, committed 2864K, reserved 1048576K

Card table byte_map: [0x0000000012510000,0x0000000012910000] byte_map_base: 0x0000000012108000

Marking Bits: (ParMarkBitMap*) 0x000000006f4f5ce0
 Begin Bits: [0x00000000135c0000, 0x0000000015580000)
 End Bits:   [0x0000000015580000, 0x0000000017540000)

Polling page: 0x0000000000fe0000

CodeCache: size=245760Kb used=5310Kb max_used=5317Kb free=240449Kb
 bounds [0x0000000003150000, 0x0000000003690000, 0x0000000012150000]
 total_blobs=1904 nmethods=1540 adapters=276
 compilation: enabled

Compilation events (10 events):
Event: 0.848 Thread 0x0000000019a22000 1542       3       org.springframework.util.StringUtils::delimitedListToStringArray (165 bytes)
Event: 0.848 Thread 0x0000000019a21800 nmethod 1538 0x0000000003679d10 code [0x0000000003679e60, 0x000000000367a2a8]
Event: 0.848 Thread 0x0000000019a21800 1511       4       jdk.internal.org.objectweb.asm.ClassWriter::put (152 bytes)
Event: 0.849 Thread 0x0000000019a22000 nmethod 1542 0x000000000367fed0 code [0x0000000003680260, 0x00000000036823c8]
Event: 0.849 Thread 0x0000000019a22000 1541       3       org.springframework.util.StringUtils::delimitedListToStringArray (7 bytes)
Event: 0.849 Thread 0x0000000019a22000 nmethod 1541 0x00000000036782d0 code [0x0000000003678440, 0x00000000036785a8]
Event: 0.849 Thread 0x0000000019a21800 nmethod 1511 0x000000000367d0d0 code [0x000000000367d220, 0x000000000367d358]
Event: 0.859 Thread 0x0000000019a22000 1543       3       java.util.Properties::load0 (250 bytes)
Event: 0.859 Thread 0x0000000019a21800 1544       4       java.util.Properties::loadConvert (505 bytes)
Event: 0.860 Thread 0x0000000019a22000 nmethod 1543 0x000000000367aad0 code [0x000000000367acc0, 0x000000000367b698]

GC Heap History (10 events):
Event: 0.523 GC heap after
Heap after GC invocations=1 (full 0):
 PSYoungGen      total 38400K, used 5100K [0x00000000d5b00000, 0x00000000d8580000, 0x0000000100000000)
  eden space 33280K, 0% used [0x00000000d5b00000,0x00000000d5b00000,0x00000000d7b80000)
  from space 5120K, 99% used [0x00000000d7b80000,0x00000000d807b178,0x00000000d8080000)
  to   space 5120K, 0% used [0x00000000d8080000,0x00000000d8080000,0x00000000d8580000)
 ParOldGen       total 87552K, used 603K [0x0000000081000000, 0x0000000086580000, 0x00000000d5b00000)
  object space 87552K, 0% used [0x0000000081000000,0x0000000081096c50,0x0000000086580000)
 Metaspace       used 10864K, capacity 11246K, committed 11520K, reserved 1058816K
  class space    used 1306K, capacity 1421K, committed 1536K, reserved 1048576K
}
Event: 0.657 GC heap before
{Heap before GC invocations=2 (full 0):
 PSYoungGen      total 38400K, used 38380K [0x00000000d5b00000, 0x00000000d8580000, 0x0000000100000000)
  eden space 33280K, 100% used [0x00000000d5b00000,0x00000000d7b80000,0x00000000d7b80000)
  from space 5120K, 99% used [0x00000000d7b80000,0x00000000d807b178,0x00000000d8080000)
  to   space 5120K, 0% used [0x00000000d8080000,0x00000000d8080000,0x00000000d8580000)
 ParOldGen       total 87552K, used 603K [0x0000000081000000, 0x0000000086580000, 0x00000000d5b00000)
  object space 87552K, 0% used [0x0000000081000000,0x0000000081096c50,0x0000000086580000)
 Metaspace       used 14451K, capacity 14872K, committed 15104K, reserved 1062912K
  class space    used 1918K, capacity 2038K, committed 2048K, reserved 1048576K
Event: 0.662 GC heap after
Heap after GC invocations=2 (full 0):
 PSYoungGen      total 38400K, used 5095K [0x00000000d5b00000, 0x00000000da600000, 0x0000000100000000)
  eden space 33280K, 0% used [0x00000000d5b00000,0x00000000d5b00000,0x00000000d7b80000)
  from space 5120K, 99% used [0x00000000d8080000,0x00000000d8579e08,0x00000000d8580000)
  to   space 5120K, 0% used [0x00000000d7b80000,0x00000000d7b80000,0x00000000d8080000)
 ParOldGen       total 87552K, used 1969K [0x0000000081000000, 0x0000000086580000, 0x00000000d5b00000)
  object space 87552K, 2% used [0x0000000081000000,0x00000000811ec7f8,0x0000000086580000)
 Metaspace       used 14451K, capacity 14872K, committed 15104K, reserved 1062912K
  class space    used 1918K, capacity 2038K, committed 2048K, reserved 1048576K
}
Event: 0.796 GC heap before
{Heap before GC invocations=3 (full 0):
 PSYoungGen      total 38400K, used 38375K [0x00000000d5b00000, 0x00000000da600000, 0x0000000100000000)
  eden space 33280K, 100% used [0x00000000d5b00000,0x00000000d7b80000,0x00000000d7b80000)
  from space 5120K, 99% used [0x00000000d8080000,0x00000000d8579e08,0x00000000d8580000)
  to   space 5120K, 0% used [0x00000000d7b80000,0x00000000d7b80000,0x00000000d8080000)
 ParOldGen       total 87552K, used 1969K [0x0000000081000000, 0x0000000086580000, 0x00000000d5b00000)
  object space 87552K, 2% used [0x0000000081000000,0x00000000811ec7f8,0x0000000086580000)
 Metaspace       used 19337K, capacity 19916K, committed 20096K, reserved 1067008K
  class space    used 2478K, capacity 2624K, committed 2688K, reserved 1048576K
Event: 0.802 GC heap after
Heap after GC invocations=3 (full 0):
 PSYoungGen      total 38400K, used 5095K [0x00000000d5b00000, 0x00000000da600000, 0x0000000100000000)
  eden space 33280K, 0% used [0x00000000d5b00000,0x00000000d5b00000,0x00000000d7b80000)
  from space 5120K, 99% used [0x00000000d7b80000,0x00000000d8079e18,0x00000000d8080000)
  to   space 5120K, 0% used [0x00000000da100000,0x00000000da100000,0x00000000da600000)
 ParOldGen       total 87552K, used 5507K [0x0000000081000000, 0x0000000086580000, 0x00000000d5b00000)
  object space 87552K, 6% used [0x0000000081000000,0x0000000081560c70,0x0000000086580000)
 Metaspace       used 19337K, capacity 19916K, committed 20096K, reserved 1067008K
  class space    used 2478K, capacity 2624K, committed 2688K, reserved 1048576K
}
Event: 0.850 GC heap before
{Heap before GC invocations=4 (full 0):
 PSYoungGen      total 38400K, used 38368K [0x00000000d5b00000, 0x00000000da600000, 0x0000000100000000)
  eden space 33280K, 99% used [0x00000000d5b00000,0x00000000d7b7e3f0,0x00000000d7b80000)
  from space 5120K, 99% used [0x00000000d7b80000,0x00000000d8079e18,0x00000000d8080000)
  to   space 5120K, 0% used [0x00000000da100000,0x00000000da100000,0x00000000da600000)
 ParOldGen       total 87552K, used 5507K [0x0000000081000000, 0x0000000086580000, 0x00000000d5b00000)
  object space 87552K, 6% used [0x0000000081000000,0x0000000081560c70,0x0000000086580000)
 Metaspace       used 20535K, capacity 21086K, committed 21296K, reserved 1067008K
  class space    used 2656K, capacity 2821K, committed 2864K, reserved 1048576K
Event: 0.855 GC heap after
Heap after GC invocations=4 (full 0):
 PSYoungGen      total 71680K, used 5106K [0x00000000d5b00000, 0x00000000da600000, 0x0000000100000000)
  eden space 66560K, 0% used [0x00000000d5b00000,0x00000000d5b00000,0x00000000d9c00000)
  from space 5120K, 99% used [0x00000000da100000,0x00000000da5fcb88,0x00000000da600000)
  to   space 5120K, 0% used [0x00000000d9c00000,0x00000000d9c00000,0x00000000da100000)
 ParOldGen       total 87552K, used 6936K [0x0000000081000000, 0x0000000086580000, 0x00000000d5b00000)
  object space 87552K, 7% used [0x0000000081000000,0x00000000816c60c0,0x0000000086580000)
 Metaspace       used 20535K, capacity 21086K, committed 21296K, reserved 1067008K
  class space    used 2656K, capacity 2821K, committed 2864K, reserved 1048576K
}
Event: 0.860 GC heap before
{Heap before GC invocations=5 (full 0):
 PSYoungGen      total 71680K, used 19792K [0x00000000d5b00000, 0x00000000da600000, 0x0000000100000000)
  eden space 66560K, 22% used [0x00000000d5b00000,0x00000000d6957638,0x00000000d9c00000)
  from space 5120K, 99% used [0x00000000da100000,0x00000000da5fcb88,0x00000000da600000)
  to   space 5120K, 0% used [0x00000000d9c00000,0x00000000d9c00000,0x00000000da100000)
 ParOldGen       total 87552K, used 6936K [0x0000000081000000, 0x0000000086580000, 0x00000000d5b00000)
  object space 87552K, 7% used [0x0000000081000000,0x00000000816c60c0,0x0000000086580000)
 Metaspace       used 20692K, capacity 21214K, committed 21296K, reserved 1067008K
  class space    used 2670K, capacity 2821K, committed 2864K, reserved 1048576K
Event: 0.864 GC heap after
Heap after GC invocations=5 (full 0):
 PSYoungGen      total 71680K, used 5105K [0x00000000d5b00000, 0x00000000dee00000, 0x0000000100000000)
  eden space 66560K, 0% used [0x00000000d5b00000,0x00000000d5b00000,0x00000000d9c00000)
  from space 5120K, 99% used [0x00000000d9c00000,0x00000000da0fc560,0x00000000da100000)
  to   space 8704K, 0% used [0x00000000de580000,0x00000000de580000,0x00000000dee00000)
 ParOldGen       total 87552K, used 7198K [0x0000000081000000, 0x0000000086580000, 0x00000000d5b00000)
  object space 87552K, 8% used [0x0000000081000000,0x0000000081707888,0x0000000086580000)
 Metaspace       used 20692K, capacity 21214K, committed 21296K, reserved 1067008K
  class space    used 2670K, capacity 2821K, committed 2864K, reserved 1048576K
}
Event: 0.864 GC heap before
{Heap before GC invocations=6 (full 1):
 PSYoungGen      total 71680K, used 5105K [0x00000000d5b00000, 0x00000000dee00000, 0x0000000100000000)
  eden space 66560K, 0% used [0x00000000d5b00000,0x00000000d5b00000,0x00000000d9c00000)
  from space 5120K, 99% used [0x00000000d9c00000,0x00000000da0fc560,0x00000000da100000)
  to   space 8704K, 0% used [0x00000000de580000,0x00000000de580000,0x00000000dee00000)
 ParOldGen       total 87552K, used 7198K [0x0000000081000000, 0x0000000086580000, 0x00000000d5b00000)
  object space 87552K, 8% used [0x0000000081000000,0x0000000081707888,0x0000000086580000)
 Metaspace       used 20692K, capacity 21214K, committed 21296K, reserved 1067008K
  class space    used 2670K, capacity 2821K, committed 2864K, reserved 1048576K

Deoptimization events (10 events):
Event: 0.395 Thread 0x0000000003056000 Uncommon trap: reason=unstable_if action=reinterpret pc=0x00000000032e9d2c method=java.lang.String.indexOf([CII[CIII)I @ 3
Event: 0.413 Thread 0x000000001c257800 Uncommon trap: reason=range_check action=make_not_entrant pc=0x00000000033d0160 method=sun.reflect.generics.parser.SignatureParser.current()C @ 34
Event: 0.632 Thread 0x000000001c257800 Uncommon trap: reason=unstable_if action=reinterpret pc=0x000000000348701c method=java.util.HashMap.getNode(ILjava/lang/Object;)Ljava/util/HashMap$Node; @ 129
Event: 0.632 Thread 0x000000001c257800 Uncommon trap: reason=unstable_if action=reinterpret pc=0x00000000034dd918 method=java.util.HashMap.putVal(ILjava/lang/Object;Ljava/lang/Object;ZZ)Ljava/lang/Object; @ 193
Event: 0.632 Thread 0x000000001c257800 Uncommon trap: reason=unstable_if action=reinterpret pc=0x0000000003430538 method=java.util.HashMap.getNode(ILjava/lang/Object;)Ljava/util/HashMap$Node; @ 129
Event: 0.639 Thread 0x0000000003056000 Uncommon trap: reason=unstable_if action=reinterpret pc=0x00000000034d4548 method=java.util.HashMap.putVal(ILjava/lang/Object;Ljava/lang/Object;ZZ)Ljava/lang/Object; @ 193
Event: 0.692 Thread 0x000000001c257800 Uncommon trap: reason=unstable_if action=reinterpret pc=0x00000000034f8524 method=java.util.jar.Manifest$FastInputStream.readLine([BII)I @ 87
Event: 0.721 Thread 0x0000000003056000 Uncommon trap: reason=unstable_if action=reinterpret pc=0x000000000345a070 method=java.io.WinNTFileSystem.normalize(Ljava/lang/String;)Ljava/lang/String; @ 128
Event: 0.789 Thread 0x0000000003056000 Uncommon trap: reason=unstable_if action=reinterpret pc=0x00000000035c3c74 method=org.springframework.asm.ClassReader.readUTF8(I[C)Ljava/lang/String; @ 11
Event: 0.837 Thread 0x000000001c257800 Uncommon trap: reason=unstable_if action=reinterpret pc=0x0000000003665268 method=jdk.internal.org.objectweb.asm.Type.getArgumentsAndReturnSizes(Ljava/lang/String;)I @ 47

Classes redefined (0 events):
No events

Internal exceptions (10 events):
Event: 0.702 Thread 0x0000000003056000 Exception <a 'java/lang/ClassNotFoundException': org/springframework/core/PriorityOrderedCustomizer> (0x00000000d657ee88) thrown at [C:\re\workspace\8-2-build-windows-amd64-cygwin\jdk8u221\13320\hotspot\src\share\vm\classfile\systemDictionary.cpp, line 21
Event: 0.703 Thread 0x0000000003056000 Exception <a 'java/lang/ClassNotFoundException': org/springframework/core/OrderedCustomizer> (0x00000000d658e440) thrown at [C:\re\workspace\8-2-build-windows-amd64-cygwin\jdk8u221\13320\hotspot\src\share\vm\classfile\systemDictionary.cpp, line 210]
Event: 0.703 Thread 0x0000000003056000 Exception <a 'java/lang/ClassNotFoundException': org/springframework/context/ResourceLoaderAwareCustomizer> (0x00000000d65a22b0) thrown at [C:\re\workspace\8-2-build-windows-amd64-cygwin\jdk8u221\13320\hotspot\src\share\vm\classfile\systemDictionary.cpp, 
Event: 0.703 Thread 0x0000000003056000 Exception <a 'java/lang/ClassNotFoundException': org/springframework/beans/factory/AwareCustomizer> (0x00000000d65b4770) thrown at [C:\re\workspace\8-2-build-windows-amd64-cygwin\jdk8u221\13320\hotspot\src\share\vm\classfile\systemDictionary.cpp, line 210
Event: 0.703 Thread 0x0000000003056000 Exception <a 'java/lang/ClassNotFoundException': org/springframework/beans/factory/BeanClassLoaderAwareCustomizer> (0x00000000d65c9660) thrown at [C:\re\workspace\8-2-build-windows-amd64-cygwin\jdk8u221\13320\hotspot\src\share\vm\classfile\systemDictionar
Event: 0.704 Thread 0x0000000003056000 Exception <a 'java/lang/ClassNotFoundException': org/springframework/beans/factory/AwareCustomizer> (0x00000000d65dbae8) thrown at [C:\re\workspace\8-2-build-windows-amd64-cygwin\jdk8u221\13320\hotspot\src\share\vm\classfile\systemDictionary.cpp, line 210
Event: 0.704 Thread 0x0000000003056000 Exception <a 'java/lang/ClassNotFoundException': org/springframework/context/EnvironmentAwareCustomizer> (0x00000000d65ee220) thrown at [C:\re\workspace\8-2-build-windows-amd64-cygwin\jdk8u221\13320\hotspot\src\share\vm\classfile\systemDictionary.cpp, lin
Event: 0.704 Thread 0x0000000003056000 Exception <a 'java/lang/ClassNotFoundException': org/springframework/beans/factory/AwareCustomizer> (0x00000000d6600588) thrown at [C:\re\workspace\8-2-build-windows-amd64-cygwin\jdk8u221\13320\hotspot\src\share\vm\classfile\systemDictionary.cpp, line 210
Event: 0.723 Thread 0x0000000003056000 Exception <a 'java/lang/NoSuchMethodError': java.lang.Object.lambda$comparing$77a9974f$1(Ljava/util/function/Function;Ljava/lang/Object;Ljava/lang/Object;)I> (0x00000000d6a60c70) thrown at [C:\re\workspace\8-2-build-windows-amd64-cygwin\jdk8u221\13320\hot
Event: 0.840 Thread 0x000000001c257800 Exception <a 'java/lang/IncompatibleClassChangeError': Found class java.lang.Object, but interface was expected> (0x00000000d638d890) thrown at [C:\re\workspace\8-2-build-windows-amd64-cygwin\jdk8u221\13320\hotspot\src\share\vm\interpreter\linkResolver.cp

Events (10 events):
Event: 0.859 Thread 0x000000001c257800 DEOPT UNPACKING pc=0x0000000003197890 sp=0x000000001d0be108 mode 0
Event: 0.859 loading class org/apache/catalina/mbeans/LocalStrings_es
Event: 0.859 loading class org/apache/catalina/mbeans/LocalStrings_es done
Event: 0.859 loading class org/hibernate/jpa/HibernateEntityManager
Event: 0.859 loading class org/hibernate/jpa/HibernateEntityManager done
Event: 0.859 loading class org/apache/catalina/mbeans/LocalStrings_es_CL
Event: 0.860 loading class org/apache/catalina/mbeans/LocalStrings_es_CL done
Event: 0.860 loading class org/apache/catalina/mbeans/MBeanUtils
Event: 0.860 loading class org/apache/catalina/mbeans/MBeanUtils done
Event: 0.860 Executing VM operation: CollectForMetadataAllocation


Dynamic libraries:
0x00007ff743d20000 - 0x00007ff743d57000 	C:\Program Files\Java\jdk1.8.0_221\bin\java.exe
0x00007ff93cd50000 - 0x00007ff93cf3d000 	C:\Windows\SYSTEM32\ntdll.dll
0x00007ff91e4e0000 - 0x00007ff91e4f4000 	C:\Program Files\AVG\Antivirus\aswhook.dll
0x00007ff93cc60000 - 0x00007ff93cd13000 	C:\Windows\System32\KERNEL32.DLL
0x00007ff939780000 - 0x00007ff939a13000 	C:\Windows\System32\KERNELBASE.dll
0x00007ff93c880000 - 0x00007ff93c923000 	C:\Windows\System32\ADVAPI32.dll
0x00007ff93c930000 - 0x00007ff93c9ce000 	C:\Windows\System32\msvcrt.dll
0x00007ff93c730000 - 0x00007ff93c7ce000 	C:\Windows\System32\sechost.dll
0x00007ff93aca0000 - 0x00007ff93adc2000 	C:\Windows\System32\RPCRT4.dll
0x00007ff93a640000 - 0x00007ff93a7d7000 	C:\Windows\System32\USER32.dll
0x00007ff939f50000 - 0x00007ff939f70000 	C:\Windows\System32\win32u.dll
0x00007ff93ca80000 - 0x00007ff93caa9000 	C:\Windows\System32\GDI32.dll
0x00007ff9395e0000 - 0x00007ff939779000 	C:\Windows\System32\gdi32full.dll
0x00007ff939c50000 - 0x00007ff939cf0000 	C:\Windows\System32\msvcp_win.dll
0x00007ff939dd0000 - 0x00007ff939eca000 	C:\Windows\System32\ucrtbase.dll
0x00007ff9293e0000 - 0x00007ff929659000 	C:\Windows\WinSxS\amd64_microsoft.windows.common-controls_6595b64144ccf1df_6.0.17763.802_none_05b1445c0722d2cc\COMCTL32.dll
0x00007ff93add0000 - 0x00007ff93b0fc000 	C:\Windows\System32\combase.dll
0x00007ff939ed0000 - 0x00007ff939f4e000 	C:\Windows\System32\bcryptPrimitives.dll
0x00007ff93a110000 - 0x00007ff93a13e000 	C:\Windows\System32\IMM32.DLL
0x000000006ebf0000 - 0x000000006ecc2000 	C:\Program Files\Java\jdk1.8.0_221\jre\bin\msvcr100.dll
0x000000006ecd0000 - 0x000000006f575000 	C:\Program Files\Java\jdk1.8.0_221\jre\bin\server\jvm.dll
0x00007ff939f70000 - 0x00007ff939f78000 	C:\Windows\System32\PSAPI.DLL
0x00007ff928770000 - 0x00007ff928779000 	C:\Windows\SYSTEM32\WSOCK32.dll
0x00007ff93aaf0000 - 0x00007ff93ab5d000 	C:\Windows\System32\WS2_32.dll
0x00007ff935f60000 - 0x00007ff935f84000 	C:\Windows\SYSTEM32\WINMM.dll
0x00007ff933680000 - 0x00007ff93368a000 	C:\Windows\SYSTEM32\VERSION.dll
0x00007ff935d60000 - 0x00007ff935d8d000 	C:\Windows\SYSTEM32\WINMMBASE.dll
0x00007ff939c00000 - 0x00007ff939c4a000 	C:\Windows\System32\cfgmgr32.dll
0x00007ff937380000 - 0x00007ff93738f000 	C:\Program Files\Java\jdk1.8.0_221\jre\bin\verify.dll
0x00007ff9101e0000 - 0x00007ff910209000 	C:\Program Files\Java\jdk1.8.0_221\jre\bin\java.dll
0x00007ff936f10000 - 0x00007ff936f26000 	C:\Program Files\Java\jdk1.8.0_221\jre\bin\zip.dll
0x00007ff93b100000 - 0x00007ff93c5f4000 	C:\Windows\System32\SHELL32.dll
0x00007ff93c9d0000 - 0x00007ff93ca78000 	C:\Windows\System32\shcore.dll
0x00007ff938e70000 - 0x00007ff9395bd000 	C:\Windows\System32\windows.storage.dll
0x00007ff938dc0000 - 0x00007ff938de4000 	C:\Windows\System32\profapi.dll
0x00007ff938d60000 - 0x00007ff938dbd000 	C:\Windows\System32\powrprof.dll
0x00007ff93ab80000 - 0x00007ff93abd2000 	C:\Windows\System32\shlwapi.dll
0x00007ff938d40000 - 0x00007ff938d51000 	C:\Windows\System32\kernel.appcore.dll
0x00007ff9395c0000 - 0x00007ff9395d7000 	C:\Windows\System32\cryptsp.dll
0x00007ff9373e0000 - 0x00007ff9373ed000 	C:\Program Files\Java\jdk1.8.0_221\jre\bin\management.dll
0x00007ff918ef0000 - 0x00007ff918f0a000 	C:\Program Files\Java\jdk1.8.0_221\jre\bin\net.dll
0x00007ff924760000 - 0x00007ff924937000 	C:\Windows\SYSTEM32\urlmon.dll
0x00007ff9244b0000 - 0x00007ff924758000 	C:\Windows\SYSTEM32\iertutil.dll
0x00007ff9383a0000 - 0x00007ff9383ac000 	C:\Windows\SYSTEM32\CRYPTBASE.DLL
0x00007ff9381d0000 - 0x00007ff938237000 	C:\Windows\system32\mswsock.dll
0x00007ff91cca0000 - 0x00007ff91ccb6000 	C:\Windows\system32\napinsp.dll
0x00007ff91b0d0000 - 0x00007ff91b0ea000 	C:\Windows\system32\pnrpnsp.dll
0x00007ff937f30000 - 0x00007ff937ff6000 	C:\Windows\SYSTEM32\DNSAPI.dll
0x00007ff93ab60000 - 0x00007ff93ab68000 	C:\Windows\System32\NSI.dll
0x00007ff937ef0000 - 0x00007ff937f2d000 	C:\Windows\SYSTEM32\IPHLPAPI.DLL
0x00007ff91ee30000 - 0x00007ff91ee3e000 	C:\Windows\System32\winrnr.dll
0x00007ff934bc0000 - 0x00007ff934bdb000 	C:\Windows\system32\NLAapi.dll
0x00007ff91b0b0000 - 0x00007ff91b0c5000 	C:\Windows\system32\wshbth.dll
0x00007ff929710000 - 0x00007ff92971a000 	C:\Windows\System32\rasadhlp.dll
0x00007ff929d30000 - 0x00007ff929da9000 	C:\Windows\System32\fwpuclnt.dll
0x00007ff939da0000 - 0x00007ff939dc6000 	C:\Windows\System32\bcrypt.dll
0x00007ff9102d0000 - 0x00007ff9102e2000 	C:\Program Files\Java\jdk1.8.0_221\jre\bin\nio.dll

VM Arguments:
java_command: com.restaurante.bacon.BaconApplication
java_class_path (initial): C:\Bacon\target\classes;C:\Users\Andresiero\.m2\repository\org\springframework\boot\spring-boot-starter-security\2.1.7.RELEASE\spring-boot-starter-security-2.1.7.RELEASE.jar;C:\Users\Andresiero\.m2\repository\org\springframework\boot\spring-boot-starter\2.1.7.RELEASE\spring-boot-starter-2.1.7.RELEASE.jar;C:\Users\Andresiero\.m2\repository\org\springframework\boot\spring-boot\2.1.7.RELEASE\spring-boot-2.1.7.RELEASE.jar;C:\Users\Andresiero\.m2\repository\org\springframework\boot\spring-boot-autoconfigure\2.1.7.RELEASE\spring-boot-autoconfigure-2.1.7.RELEASE.jar;C:\Users\Andresiero\.m2\repository\org\springframework\boot\spring-boot-starter-logging\2.1.7.RELEASE\spring-boot-starter-logging-2.1.7.RELEASE.jar;C:\Users\Andresiero\.m2\repository\ch\qos\logback\logback-classic\1.2.3\logback-classic-1.2.3.jar;C:\Users\Andresiero\.m2\repository\ch\qos\logback\logback-core\1.2.3\logback-core-1.2.3.jar;C:\Users\Andresiero\.m2\repository\org\apache\logging\log4j\log4j-to-slf4j\2.11.2\log4j-to-slf4j-2.11.2.jar;C:\Users\Andresiero\.m2\repository\org\apache\logging\log4j\log4j-api\2.11.2\log4j-api-2.11.2.jar;C:\Users\Andresiero\.m2\repository\org\slf4j\jul-to-slf4j\1.7.26\jul-to-slf4j-1.7.26.jar;C:\Users\Andresiero\.m2\repository\javax\annotation\javax.annotation-api\1.3.2\javax.annotation-api-1.3.2.jar;C:\Users\Andresiero\.m2\repository\org\yaml\snakeyaml\1.23\snakeyaml-1.23.jar;C:\Users\Andresiero\.m2\repository\org\springframework\spring-aop\5.1.9.RELEASE\spring-aop-5.1.9.RELEASE.jar;C:\Users\Andresiero\.m2\repository\org\springframework\spring-beans\5.1.9.RELEASE\spring-beans-5.1.9.RELEASE.jar;C:\Users\Andresiero\.m2\repository\org\springframework\security\spring-security-config\5.1.6.RELEASE\spring-security-config-5.1.6.RELEASE.jar;C:\Users\Andresiero\.m2\repository\org\springframework\spring-context\5.1.9.RELEASE\spring-context-5.1.9.RELEASE.jar;C:\Users\Andresiero\.m2\repository\org\springframework\security\spring-security-web\5.1.6.RELEASE\sprin
Launcher Type: SUN_STANDARD

Environment Variables:
JAVA_HOME=C:\Program Files\Java\jdk1.8.0_221
CLASSPATH=C:\Program Files\Java\jdk1.8.0_221\jre
PATH=C:\Program Files (x86)\Common Files\Oracle\Java\javapath;C:\Windows\system32;C:\Windows;C:\Windows\System32\Wbem;C:\Windows\System32\WindowsPowerShell\v1.0\;C:\Windows\System32\OpenSSH\;C:\Program Files\nodejs\;C:\Program Files\dotnet\;C:\Program Files\Microsoft SQL Server\130\Tools\Binn\;C:\Program Files\Microsoft SQL Server\Client SDK\ODBC\170\Tools\Binn\;C:\Program Files\Git\cmd;C:\Program Files\Git\mingw64\bin;C:\Program Files\Git\usr\bin;C:\apache-maven-3.6.1\bin;C:\Program Files\Java\jdk1.8.0_221\bin;"C:\Program Files\Java\jre6\bin;F:\JDK\bin;";C:\Users\Andresiero\AppData\Local\Microsoft\WindowsApps;C:\Users\Andresiero\AppData\Roaming\npm;C:\Users\Andresiero\AppData\Local\Programs\Microsoft VS Code\bin;C:\Users\Andresiero\.dotnet\tools
USERNAME=Andresiero
OS=Windows_NT
PROCESSOR_IDENTIFIER=Intel64 Family 6 Model 158 Stepping 10, GenuineIntel



---------------  S Y S T E M  ---------------

OS: Windows 10.0 , 64 bit Build 17763 (10.0.17763.475)

CPU:total 12 (initial active 12) (6 cores per cpu, 2 threads per core) family 6 model 158 stepping 10, cmov, cx8, fxsr, mmx, sse, sse2, sse3, ssse3, sse4.1, sse4.2, popcnt, avx, avx2, aes, clmul, erms, rtm, 3dnowpref, lzcnt, ht, tsc, tscinvbit, bmi1, bmi2, adx

Memory: 4k page, physical 8321804k(781692k free), swap 33487628k(5224k free)

vm_info: Java HotSpot(TM) 64-Bit Server VM (25.221-b11) for windows-amd64 JRE (1.8.0_221-b11), built on Jul  4 2019 04:39:29 by "java_re" with MS VC++ 10.0 (VS2010)

time: Fri Oct 25 20:53:44 2019
timezone: Hora verano Sudamérica Pacífico
elapsed time: 0 seconds (0d 0h 0m 0s)

