#
# There is insufficient memory for the Java Runtime Environment to continue.
# Native memory allocation (malloc) failed to allocate 163536 bytes for Chunk::new
# Possible reasons:
#   The system is out of physical RAM or swap space
#   The process is running with CompressedOops enabled, and the Java Heap may be blocking the growth of the native heap
# Possible solutions:
#   Reduce memory load on the system
#   Increase physical memory or swap space
#   Check if swap backing store is full
#   Decrease Java heap size (-Xmx/-Xms)
#   Decrease number of Java threads
#   Decrease Java thread stack sizes (-Xss)
#   Set larger code cache with -XX:ReservedCodeCacheSize=
#   JVM is running with Unscaled Compressed Oops mode in which the Java heap is
#     placed in the first 4GB address space. The Java Heap base address is the
#     maximum limit for the native heap growth. Please use -XX:HeapBaseMinAddress
#     to set the Java Heap base and to place the Java Heap above 4GB virtual address.
# This output file may be truncated or incomplete.
#
#  Out of Memory Error (allocation.cpp:389), pid=10692, tid=0x0000000000002b50
#
# JRE version: Java(TM) SE Runtime Environment (8.0_221-b11) (build 1.8.0_221-b11)
# Java VM: Java HotSpot(TM) 64-Bit Server VM (25.221-b11 mixed mode windows-amd64 compressed oops)
# Failed to write core dump. Minidumps are not enabled by default on client versions of Windows
#

---------------  T H R E A D  ---------------

Current thread (0x00000000195f4000):  JavaThread "C2 CompilerThread1" daemon [_thread_in_native, id=11088, stack(0x000000001ad50000,0x000000001ae50000)]

Stack: [0x000000001ad50000,0x000000001ae50000]
[error occurred during error reporting (printing stack bounds), id 0xc0000005]

Native frames: (J=compiled Java code, j=interpreted, Vv=VM code, C=native code)


Current CompileTask:
C2:    346  446   !   4       sun.misc.URLClassPath$JarLoader::getResource (85 bytes)


---------------  P R O C E S S  ---------------

Java Threads: ( => current thread )
  0x0000000019687000 JavaThread "Service Thread" daemon [_thread_blocked, id=10444, stack(0x000000001b050000,0x000000001b150000)]
  0x00000000195f9800 JavaThread "C1 CompilerThread3" daemon [_thread_blocked, id=10724, stack(0x000000001af50000,0x000000001b050000)]
  0x00000000195f8800 JavaThread "C2 CompilerThread2" daemon [_thread_blocked, id=10572, stack(0x000000001ae50000,0x000000001af50000)]
=>0x00000000195f4000 JavaThread "C2 CompilerThread1" daemon [_thread_in_native, id=11088, stack(0x000000001ad50000,0x000000001ae50000)]
  0x00000000195e4800 JavaThread "C2 CompilerThread0" daemon [_thread_in_native, id=11128, stack(0x000000001ac50000,0x000000001ad50000)]
  0x00000000195f0000 JavaThread "Attach Listener" daemon [_thread_blocked, id=2596, stack(0x000000001ab50000,0x000000001ac50000)]
  0x00000000195ef000 JavaThread "Signal Dispatcher" daemon [_thread_blocked, id=12436, stack(0x000000001aa50000,0x000000001ab50000)]
  0x0000000017f04000 JavaThread "Finalizer" daemon [_thread_blocked, id=13456, stack(0x000000001a830000,0x000000001a930000)]
  0x00000000195d3000 JavaThread "Reference Handler" daemon [_thread_blocked, id=5824, stack(0x000000001a730000,0x000000001a830000)]
  0x0000000002c26000 JavaThread "main" [_thread_in_vm, id=14272, stack(0x0000000002b20000,0x0000000002c20000)]

Other Threads:
  0x0000000002d1b800 VMThread [stack: 0x000000001a630000,0x000000001a730000] [id=13216]
  0x00000000196b4000 WatcherThread [stack: 0x000000001b2b0000,0x000000001b3b0000] [id=8988]

VM state:not at safepoint (normal execution)

VM Mutex/Monitor currently owned by a thread: None

heap address: 0x0000000081000000, size: 2032 MB, Compressed Oops mode: 32-bit
Narrow klass base: 0x0000000000000000, Narrow klass shift: 3
Compressed class space size: 1073741824 Address: 0x0000000100000000

Heap:
 PSYoungGen      total 38400K, used 12769K [0x00000000d5b00000, 0x00000000d8580000, 0x0000000100000000)
  eden space 33280K, 38% used [0x00000000d5b00000,0x00000000d67786a0,0x00000000d7b80000)
  from space 5120K, 0% used [0x00000000d8080000,0x00000000d8080000,0x00000000d8580000)
  to   space 5120K, 0% used [0x00000000d7b80000,0x00000000d7b80000,0x00000000d8080000)
 ParOldGen       total 87552K, used 0K [0x0000000081000000, 0x0000000086580000, 0x00000000d5b00000)
  object space 87552K, 0% used [0x0000000081000000,0x0000000081000000,0x0000000086580000)
 Metaspace       used 6476K, capacity 6682K, committed 6784K, reserved 1056768K
  class space    used 736K, capacity 803K, committed 896K, reserved 1048576K

Card table byte_map: [0x00000000120e0000,0x00000000124e0000] byte_map_base: 0x0000000011cd8000

Marking Bits: (ParMarkBitMap*) 0x000000006f4f5ce0
 Begin Bits: [0x0000000013190000, 0x0000000015150000)
 End Bits:   [0x0000000015150000, 0x0000000017110000)

Polling page: 0x0000000000f10000

CodeCache: size=245760Kb used=2279Kb max_used=2279Kb free=243480Kb
 bounds [0x0000000002d20000, 0x0000000002f90000, 0x0000000011d20000]
 total_blobs=797 nmethods=508 adapters=202
 compilation: enabled

Compilation events (10 events):
Event: 0.314 Thread 0x00000000195f9800  462   !   3       java.net.URLClassLoader$1::run (63 bytes)
Event: 0.314 Thread 0x00000000195f9800 nmethod 462 0x0000000002f40a10 code [0x0000000002f40be0, 0x0000000002f41108]
Event: 0.314 Thread 0x00000000195f9800  463       3       java.security.CodeSource::getCertificates (98 bytes)
Event: 0.314 Thread 0x00000000195f9800 nmethod 463 0x0000000002f413d0 code [0x0000000002f41600, 0x0000000002f421f8]
Event: 0.314 Thread 0x00000000195f9800  464  s    3       sun.misc.Resource::cachedInputStream (20 bytes)
Event: 0.315 Thread 0x00000000195f9800 nmethod 464 0x0000000002f42610 code [0x0000000002f42780, 0x0000000002f42b68]
Event: 0.315 Thread 0x00000000195f8800  465       4       java.lang.AbstractStringBuilder::append (50 bytes)
Event: 0.316 Thread 0x00000000195f9800  467       3       java.lang.ThreadLocal::getMap (5 bytes)
Event: 0.316 Thread 0x00000000195f9800 nmethod 467 0x0000000002f42f90 code [0x0000000002f430e0, 0x0000000002f43230]
Event: 0.316 Thread 0x00000000195f9800  468       3       java.lang.ThreadLocal::get (38 bytes)

GC Heap History (0 events):
No events

Deoptimization events (1 events):
Event: 0.109 Thread 0x0000000002c26000 Uncommon trap: reason=unstable_if action=reinterpret pc=0x0000000002e367a0 method=java.lang.String.hashCode()I @ 14

Classes redefined (0 events):
No events

Internal exceptions (10 events):
Event: 0.025 Thread 0x0000000002c26000 Exception <a 'java/lang/NoSuchMethodError': Method sun.misc.Unsafe.defineClass(Ljava/lang/String;[BII)Ljava/lang/Class; name or signature does not match> (0x00000000d5b07cb8) thrown at [C:\re\workspace\8-2-build-windows-amd64-cygwin\jdk8u221\13320\hotspot
Event: 0.025 Thread 0x0000000002c26000 Exception <a 'java/lang/NoSuchMethodError': Method sun.misc.Unsafe.prefetchRead(Ljava/lang/Object;J)V name or signature does not match> (0x00000000d5b07fa0) thrown at [C:\re\workspace\8-2-build-windows-amd64-cygwin\jdk8u221\13320\hotspot\src\share\vm\prim
Event: 0.104 Thread 0x0000000002c26000 Exception <a 'java/io/FileNotFoundException'> (0x00000000d5b8e928) thrown at [C:\re\workspace\8-2-build-windows-amd64-cygwin\jdk8u221\13320\hotspot\src\share\vm\prims\jni.cpp, line 710]
Event: 0.161 Thread 0x0000000002c26000 Exception <a 'java/security/PrivilegedActionException'> (0x00000000d5e8f950) thrown at [C:\re\workspace\8-2-build-windows-amd64-cygwin\jdk8u221\13320\hotspot\src\share\vm\prims\jvm.cpp, line 1502]
Event: 0.161 Thread 0x0000000002c26000 Exception <a 'java/security/PrivilegedActionException'> (0x00000000d5e8fb60) thrown at [C:\re\workspace\8-2-build-windows-amd64-cygwin\jdk8u221\13320\hotspot\src\share\vm\prims\jvm.cpp, line 1502]
Event: 0.161 Thread 0x0000000002c26000 Exception <a 'java/security/PrivilegedActionException'> (0x00000000d5e93a70) thrown at [C:\re\workspace\8-2-build-windows-amd64-cygwin\jdk8u221\13320\hotspot\src\share\vm\prims\jvm.cpp, line 1502]
Event: 0.161 Thread 0x0000000002c26000 Exception <a 'java/security/PrivilegedActionException'> (0x00000000d5e93c80) thrown at [C:\re\workspace\8-2-build-windows-amd64-cygwin\jdk8u221\13320\hotspot\src\share\vm\prims\jvm.cpp, line 1502]
Event: 0.215 Thread 0x0000000002c26000 Exception <a 'java/io/FileNotFoundException'> (0x00000000d60486a8) thrown at [C:\re\workspace\8-2-build-windows-amd64-cygwin\jdk8u221\13320\hotspot\src\share\vm\prims\jni.cpp, line 710]
Event: 0.289 Thread 0x0000000002c26000 Exception <a 'java/lang/NoSuchFieldError': method resolution failed> (0x00000000d6402d28) thrown at [C:\re\workspace\8-2-build-windows-amd64-cygwin\jdk8u221\13320\hotspot\src\share\vm\prims\methodHandles.cpp, line 1167]
Event: 0.290 Thread 0x0000000002c26000 Exception <a 'java/lang/NoSuchFieldError': method resolution failed> (0x00000000d6410048) thrown at [C:\re\workspace\8-2-build-windows-amd64-cygwin\jdk8u221\13320\hotspot\src\share\vm\prims\methodHandles.cpp, line 1167]

Events (10 events):
Event: 0.315 loading class java/util/TimSort
Event: 0.315 loading class java/util/TimSort done
Event: 0.315 loading class org/springframework/core/PriorityOrdered
Event: 0.315 loading class org/springframework/core/PriorityOrdered done
Event: 0.316 loading class org/springframework/core/annotation/OrderUtils
Event: 0.316 loading class org/springframework/core/annotation/OrderUtils done
Event: 0.316 loading class javax/annotation/Priority
Event: 0.316 loading class javax/annotation/Priority done
Event: 0.316 loading class org/springframework/core/annotation/Order
Event: 0.316 loading class org/springframework/core/annotation/Order done


Dynamic libraries:
0x00007ff743d20000 - 0x00007ff743d57000 	C:\Program Files\Java\jdk1.8.0_221\bin\java.exe
0x00007ff93cd50000 - 0x00007ff93cf3d000 	C:\Windows\SYSTEM32\ntdll.dll
0x00007ff91e4e0000 - 0x00007ff91e4f4000 	C:\Program Files\AVG\Antivirus\aswhook.dll
0x00007ff93cc60000 - 0x00007ff93cd13000 	C:\Windows\System32\KERNEL32.DLL
0x00007ff939780000 - 0x00007ff939a13000 	C:\Windows\System32\KERNELBASE.dll
0x00007ff93c880000 - 0x00007ff93c923000 	C:\Windows\System32\ADVAPI32.dll
0x00007ff93c930000 - 0x00007ff93c9ce000 	C:\Windows\System32\msvcrt.dll
0x00007ff93c730000 - 0x00007ff93c7ce000 	C:\Windows\System32\sechost.dll
0x00007ff93aca0000 - 0x00007ff93adc2000 	C:\Windows\System32\RPCRT4.dll
0x00007ff93a640000 - 0x00007ff93a7d7000 	C:\Windows\System32\USER32.dll
0x00007ff939f50000 - 0x00007ff939f70000 	C:\Windows\System32\win32u.dll
0x00007ff93ca80000 - 0x00007ff93caa9000 	C:\Windows\System32\GDI32.dll
0x00007ff9395e0000 - 0x00007ff939779000 	C:\Windows\System32\gdi32full.dll
0x00007ff939c50000 - 0x00007ff939cf0000 	C:\Windows\System32\msvcp_win.dll
0x00007ff939dd0000 - 0x00007ff939eca000 	C:\Windows\System32\ucrtbase.dll
0x00007ff9293e0000 - 0x00007ff929659000 	C:\Windows\WinSxS\amd64_microsoft.windows.common-controls_6595b64144ccf1df_6.0.17763.802_none_05b1445c0722d2cc\COMCTL32.dll
0x00007ff93add0000 - 0x00007ff93b0fc000 	C:\Windows\System32\combase.dll
0x00007ff939ed0000 - 0x00007ff939f4e000 	C:\Windows\System32\bcryptPrimitives.dll
0x00007ff93a110000 - 0x00007ff93a13e000 	C:\Windows\System32\IMM32.DLL
0x000000006ebf0000 - 0x000000006ecc2000 	C:\Program Files\Java\jdk1.8.0_221\jre\bin\msvcr100.dll
0x000000006ecd0000 - 0x000000006f575000 	C:\Program Files\Java\jdk1.8.0_221\jre\bin\server\jvm.dll
0x00007ff939f70000 - 0x00007ff939f78000 	C:\Windows\System32\PSAPI.DLL
0x00007ff928770000 - 0x00007ff928779000 	C:\Windows\SYSTEM32\WSOCK32.dll
0x00007ff93aaf0000 - 0x00007ff93ab5d000 	C:\Windows\System32\WS2_32.dll
0x00007ff935f60000 - 0x00007ff935f84000 	C:\Windows\SYSTEM32\WINMM.dll
0x00007ff933680000 - 0x00007ff93368a000 	C:\Windows\SYSTEM32\VERSION.dll
0x00007ff935d60000 - 0x00007ff935d8d000 	C:\Windows\SYSTEM32\WINMMBASE.dll
0x00007ff939c00000 - 0x00007ff939c4a000 	C:\Windows\System32\cfgmgr32.dll
0x00007ff937380000 - 0x00007ff93738f000 	C:\Program Files\Java\jdk1.8.0_221\jre\bin\verify.dll
0x00007ff9101e0000 - 0x00007ff910209000 	C:\Program Files\Java\jdk1.8.0_221\jre\bin\java.dll
0x00007ff936f10000 - 0x00007ff936f26000 	C:\Program Files\Java\jdk1.8.0_221\jre\bin\zip.dll
0x00007ff93b100000 - 0x00007ff93c5f4000 	C:\Windows\System32\SHELL32.dll
0x00007ff93c9d0000 - 0x00007ff93ca78000 	C:\Windows\System32\shcore.dll
0x00007ff938e70000 - 0x00007ff9395bd000 	C:\Windows\System32\windows.storage.dll
0x00007ff938dc0000 - 0x00007ff938de4000 	C:\Windows\System32\profapi.dll
0x00007ff938d60000 - 0x00007ff938dbd000 	C:\Windows\System32\powrprof.dll
0x00007ff93ab80000 - 0x00007ff93abd2000 	C:\Windows\System32\shlwapi.dll
0x00007ff938d40000 - 0x00007ff938d51000 	C:\Windows\System32\kernel.appcore.dll
0x00007ff9395c0000 - 0x00007ff9395d7000 	C:\Windows\System32\cryptsp.dll

VM Arguments:
java_command: com.restaurante.bacon.BaconApplication
java_class_path (initial): C:\Bacon\target\classes;C:\Users\Andresiero\.m2\repository\org\springframework\boot\spring-boot-starter-security\2.1.7.RELEASE\spring-boot-starter-security-2.1.7.RELEASE.jar;C:\Users\Andresiero\.m2\repository\org\springframework\boot\spring-boot-starter\2.1.7.RELEASE\spring-boot-starter-2.1.7.RELEASE.jar;C:\Users\Andresiero\.m2\repository\org\springframework\boot\spring-boot\2.1.7.RELEASE\spring-boot-2.1.7.RELEASE.jar;C:\Users\Andresiero\.m2\repository\org\springframework\boot\spring-boot-autoconfigure\2.1.7.RELEASE\spring-boot-autoconfigure-2.1.7.RELEASE.jar;C:\Users\Andresiero\.m2\repository\org\springframework\boot\spring-boot-starter-logging\2.1.7.RELEASE\spring-boot-starter-logging-2.1.7.RELEASE.jar;C:\Users\Andresiero\.m2\repository\ch\qos\logback\logback-classic\1.2.3\logback-classic-1.2.3.jar;C:\Users\Andresiero\.m2\repository\ch\qos\logback\logback-core\1.2.3\logback-core-1.2.3.jar;C:\Users\Andresiero\.m2\repository\org\apache\logging\log4j\log4j-to-slf4j\2.11.2\log4j-to-slf4j-2.11.2.jar;C:\Users\Andresiero\.m2\repository\org\apache\logging\log4j\log4j-api\2.11.2\log4j-api-2.11.2.jar;C:\Users\Andresiero\.m2\repository\org\slf4j\jul-to-slf4j\1.7.26\jul-to-slf4j-1.7.26.jar;C:\Users\Andresiero\.m2\repository\javax\annotation\javax.annotation-api\1.3.2\javax.annotation-api-1.3.2.jar;C:\Users\Andresiero\.m2\repository\org\yaml\snakeyaml\1.23\snakeyaml-1.23.jar;C:\Users\Andresiero\.m2\repository\org\springframework\spring-aop\5.1.9.RELEASE\spring-aop-5.1.9.RELEASE.jar;C:\Users\Andresiero\.m2\repository\org\springframework\spring-beans\5.1.9.RELEASE\spring-beans-5.1.9.RELEASE.jar;C:\Users\Andresiero\.m2\repository\org\springframework\security\spring-security-config\5.1.6.RELEASE\spring-security-config-5.1.6.RELEASE.jar;C:\Users\Andresiero\.m2\repository\org\springframework\spring-context\5.1.9.RELEASE\spring-context-5.1.9.RELEASE.jar;C:\Users\Andresiero\.m2\repository\org\springframework\security\spring-security-web\5.1.6.RELEASE\sprin
Launcher Type: SUN_STANDARD

Environment Variables:
JAVA_HOME=C:\Program Files\Java\jdk1.8.0_221
CLASSPATH=C:\Program Files\Java\jdk1.8.0_221\jre
PATH=C:\Program Files (x86)\Common Files\Oracle\Java\javapath;C:\Windows\system32;C:\Windows;C:\Windows\System32\Wbem;C:\Windows\System32\WindowsPowerShell\v1.0\;C:\Windows\System32\OpenSSH\;C:\Program Files\nodejs\;C:\Program Files\dotnet\;C:\Program Files\Microsoft SQL Server\130\Tools\Binn\;C:\Program Files\Microsoft SQL Server\Client SDK\ODBC\170\Tools\Binn\;C:\Program Files\Git\cmd;C:\Program Files\Git\mingw64\bin;C:\Program Files\Git\usr\bin;C:\apache-maven-3.6.1\bin;C:\Program Files\Java\jdk1.8.0_221\bin;"C:\Program Files\Java\jre6\bin;F:\JDK\bin;";C:\Users\Andresiero\AppData\Local\Microsoft\WindowsApps;C:\Users\Andresiero\AppData\Roaming\npm;C:\Users\Andresiero\AppData\Local\Programs\Microsoft VS Code\bin;C:\Users\Andresiero\.dotnet\tools
USERNAME=Andresiero
OS=Windows_NT
PROCESSOR_IDENTIFIER=Intel64 Family 6 Model 158 Stepping 10, GenuineIntel



---------------  S Y S T E M  ---------------

OS: Windows 10.0 , 64 bit Build 17763 (10.0.17763.475)

CPU:total 12 (initial active 12) (6 cores per cpu, 2 threads per core) family 6 model 158 stepping 10, cmov, cx8, fxsr, mmx, sse, sse2, sse3, ssse3, sse4.1, sse4.2, popcnt, avx, avx2, aes, clmul, erms, rtm, 3dnowpref, lzcnt, ht, tsc, tscinvbit, bmi1, bmi2, adx

Memory: 4k page, physical 8321804k(795348k free), swap 33487628k(5156k free)

vm_info: Java HotSpot(TM) 64-Bit Server VM (25.221-b11) for windows-amd64 JRE (1.8.0_221-b11), built on Jul  4 2019 04:39:29 by "java_re" with MS VC++ 10.0 (VS2010)

time: Fri Oct 25 20:54:46 2019
timezone: Hora verano Sudamérica Pacífico
elapsed time: 0 seconds (0d 0h 0m 0s)

